Using pre-set license
Built from '2021.1/staging' branch; Version is '2021.1.2f1 (e5d502d80fbb) revision 15062274'; Using compiler version '192528614'; Build Type 'Release'
OS: 'Windows 10 Pro; OS build 19042.928; Version 2009; 64bit' Language: 'es' Physical Memory: 7984 MB
BatchMode: 1, IsHumanControllingUs: 0, StartBugReporterOnCrash: 0, Is64bit: 1, IsPro: 0

 COMMAND LINE ARGUMENTS:
C:\Program Files\Unity\Hub\Editor\2021.1.2f1\Editor\Unity.exe
-adb2
-batchMode
-noUpm
-name
AssetImportWorker1
-projectPath
C:/Users/Sebastian/Documents/UnityProjects/NGIOF
-logFile
Logs/AssetImportWorker1.log
-srvPort
58155
Successfully changed project path to: C:/Users/Sebastian/Documents/UnityProjects/NGIOF
C:/Users/Sebastian/Documents/UnityProjects/NGIOF
Using Asset Import Pipeline V2.
Refreshing native plugins compatible for Editor in 224.88 ms, found 5 plugins.
Preloading 0 native plugins for Editor in 0.00 ms.
Initialize engine version: 2021.1.2f1 (e5d502d80fbb)
[Subsystems] Discovering subsystems at path C:/Program Files/Unity/Hub/Editor/2021.1.2f1/Editor/Data/Resources/UnitySubsystems
[Subsystems] Discovering subsystems at path C:/Users/Sebastian/Documents/UnityProjects/NGIOF/Assets
GfxDevice: creating device client; threaded=0; jobified=0
Direct3D:
    Version:  Direct3D 11.0 [level 11.1]
    Renderer: Intel(R) HD Graphics 620 (ID=0x5916)
    Vendor:   Intel
    VRAM:     3992 MB
    Driver:   23.20.16.4973
Initialize mono
Mono path[0] = 'C:/Program Files/Unity/Hub/Editor/2021.1.2f1/Editor/Data/Managed'
Mono path[1] = 'C:/Program Files/Unity/Hub/Editor/2021.1.2f1/Editor/Data/MonoBleedingEdge/lib/mono/unityjit'
Mono config path = 'C:/Program Files/Unity/Hub/Editor/2021.1.2f1/Editor/Data/MonoBleedingEdge/etc'
Using monoOptions --debugger-agent=transport=dt_socket,embedding=1,server=y,suspend=n,address=127.0.0.1:56864
Begin MonoManager ReloadAssembly
Registering precompiled unity dll's ...
Register platform support module: C:/Program Files/Unity/Hub/Editor/2021.1.2f1/Editor/Data/PlaybackEngines/WindowsStandaloneSupport/UnityEditor.WindowsStandalone.Extensions.dll
Registered in 0.003549 seconds.
Native extension for WindowsStandalone target not found
Refreshing native plugins compatible for Editor in 344.13 ms, found 5 plugins.
Preloading 0 native plugins for Editor in 0.00 ms.
Mono: successfully reloaded assembly
- Completed reload, in  2.356 seconds
Platform modules already initialized, skipping
Registering precompiled user dll's ...
Registered in 0.008109 seconds.
Begin MonoManager ReloadAssembly
Native extension for WindowsStandalone target not found
Refreshing native plugins compatible for Editor in 233.23 ms, found 5 plugins.
Preloading 0 native plugins for Editor in 0.00 ms.
Mono: successfully reloaded assembly
- Completed reload, in  2.042 seconds
Platform modules already initialized, skipping
========================================================================
Worker process is ready to serve import requests
Launched and connected shader compiler UnityShaderCompiler.exe after 0.13 seconds
Refreshing native plugins compatible for Editor in 1.00 ms, found 5 plugins.
Preloading 0 native plugins for Editor in 0.00 ms.
Unloading 4438 Unused Serialized files (Serialized files now loaded: 0)
System memory in use before: 176.5 MB.
System memory in use after: 176.7 MB.

Unloading 35 unused Assets to reduce memory usage. Loaded Objects now: 4908.
Total: 4.256000 ms (FindLiveObjects: 0.393500 ms CreateObjectMapping: 0.296400 ms MarkObjects: 3.477000 ms  DeleteObjects: 0.087000 ms)

========================================================================
Received Import Request.
  path: Assets/Code/Props/Spawn/Item.cs
  artifactKey: Guid(dbecc00da6f26cc4481fd0a0f9bcb3c6) Importer(815301076,1909f56bfc062723c751e8b465ee728b)
Start importing Assets/Code/Props/Spawn/Item.cs using Guid(dbecc00da6f26cc4481fd0a0f9bcb3c6) Importer(815301076,1909f56bfc062723c751e8b465ee728b)  -> (artifact id: '637f0200cef10c2e992eee02cfe8d8a2') in 0.099191 seconds 
========================================================================
Received Prepare
Registering precompiled user dll's ...
Registered in 0.008355 seconds.
Begin MonoManager ReloadAssembly
Native extension for WindowsStandalone target not found
Refreshing native plugins compatible for Editor in 2.06 ms, found 5 plugins.
Preloading 0 native plugins for Editor in 0.00 ms.
Mono: successfully reloaded assembly
- Completed reload, in  3.072 seconds
Platform modules already initialized, skipping
Refreshing native plugins compatible for Editor in 1.27 ms, found 5 plugins.
Preloading 0 native plugins for Editor in 0.00 ms.
Unloading 4394 Unused Serialized files (Serialized files now loaded: 0)
System memory in use before: 174.4 MB.
System memory in use after: 174.6 MB.

Unloading 21 unused Assets to reduce memory usage. Loaded Objects now: 4912.
Total: 4.249300 ms (FindLiveObjects: 0.647400 ms CreateObjectMapping: 0.373000 ms MarkObjects: 3.198600 ms  DeleteObjects: 0.028200 ms)

========================================================================
Received Import Request.
  Time since last request: 25.544486 seconds.
  path: Assets/Code/Props/Spawn/Item.cs
  artifactKey: Guid(dbecc00da6f26cc4481fd0a0f9bcb3c6) Importer(815301076,1909f56bfc062723c751e8b465ee728b)
Start importing Assets/Code/Props/Spawn/Item.cs using Guid(dbecc00da6f26cc4481fd0a0f9bcb3c6) Importer(815301076,1909f56bfc062723c751e8b465ee728b)  -> (artifact id: 'e4c65e5de08bfe02ab26f337fc68809e') in 0.010097 seconds 
========================================================================
Received Prepare
Registering precompiled user dll's ...
Registered in 0.342761 seconds.
Begin MonoManager ReloadAssembly
Native extension for WindowsStandalone target not found
Refreshing native plugins compatible for Editor in 1.05 ms, found 5 plugins.
Preloading 0 native plugins for Editor in 0.00 ms.
Mono: successfully reloaded assembly
- Completed reload, in  1.785 seconds
Platform modules already initialized, skipping
Refreshing native plugins compatible for Editor in 1.36 ms, found 5 plugins.
Preloading 0 native plugins for Editor in 0.00 ms.
Unloading 4394 Unused Serialized files (Serialized files now loaded: 0)
System memory in use before: 174.5 MB.
System memory in use after: 174.7 MB.

Unloading 21 unused Assets to reduce memory usage. Loaded Objects now: 4916.
Total: 5.171800 ms (FindLiveObjects: 0.521700 ms CreateObjectMapping: 0.405300 ms MarkObjects: 4.094200 ms  DeleteObjects: 0.145700 ms)

========================================================================
Received Import Request.
  Time since last request: 854.729152 seconds.
  path: Assets/Code/Props/Spawn/Item.cs
  artifactKey: Guid(dbecc00da6f26cc4481fd0a0f9bcb3c6) Importer(815301076,1909f56bfc062723c751e8b465ee728b)
Start importing Assets/Code/Props/Spawn/Item.cs using Guid(dbecc00da6f26cc4481fd0a0f9bcb3c6) Importer(815301076,1909f56bfc062723c751e8b465ee728b)  -> (artifact id: '2d6bb35721250f040db5daf4e491c7b4') in 0.015790 seconds 
========================================================================
Received Import Request.
  Time since last request: 364.852950 seconds.
  path: Assets/Prefabs/Items/Shield.prefab
  artifactKey: Guid(69aab42bf2c241844bce56d8a7518ba5) Importer(815301076,1909f56bfc062723c751e8b465ee728b)
Start importing Assets/Prefabs/Items/Shield.prefab using Guid(69aab42bf2c241844bce56d8a7518ba5) Importer(815301076,1909f56bfc062723c751e8b465ee728b)  -> (artifact id: 'f3c9aee7514498e1f2006c3afb0a2316') in 0.258122 seconds 
========================================================================
Received Import Request.
  Time since last request: 4.723986 seconds.
  path: Assets/Prefabs/Items/Shield.prefab
  artifactKey: Guid(69aab42bf2c241844bce56d8a7518ba5) Importer(815301076,1909f56bfc062723c751e8b465ee728b)
Start importing Assets/Prefabs/Items/Shield.prefab using Guid(69aab42bf2c241844bce56d8a7518ba5) Importer(815301076,1909f56bfc062723c751e8b465ee728b)  -> (artifact id: 'c31ff73be70dfbe549856596384ca0e6') in 0.029096 seconds 
========================================================================
Received Prepare
Registering precompiled user dll's ...
Registered in 0.006286 seconds.
Begin MonoManager ReloadAssembly
Native extension for WindowsStandalone target not found
Refreshing native plugins compatible for Editor in 1.23 ms, found 5 plugins.
Preloading 0 native plugins for Editor in 0.00 ms.
Mono: successfully reloaded assembly
- Completed reload, in  2.576 seconds
Platform modules already initialized, skipping
Refreshing native plugins compatible for Editor in 1.05 ms, found 5 plugins.
Preloading 0 native plugins for Editor in 0.00 ms.
Unloading 4394 Unused Serialized files (Serialized files now loaded: 0)
System memory in use before: 178.7 MB.
System memory in use after: 178.9 MB.

Unloading 21 unused Assets to reduce memory usage. Loaded Objects now: 4927.
Total: 4.734800 ms (FindLiveObjects: 0.479100 ms CreateObjectMapping: 0.509100 ms MarkObjects: 3.711700 ms  DeleteObjects: 0.033200 ms)

========================================================================
Received Import Request.
  Time since last request: 441.495103 seconds.
  path: Assets/Prefabs/Items/Heart.prefab
  artifactKey: Guid(f9f2d041469a14f43b5b18b0672121eb) Importer(815301076,1909f56bfc062723c751e8b465ee728b)
Start importing Assets/Prefabs/Items/Heart.prefab using Guid(f9f2d041469a14f43b5b18b0672121eb) Importer(815301076,1909f56bfc062723c751e8b465ee728b)  -> (artifact id: '78bce12464ad3f1be1ba78ee0fe9ba31') in 0.093294 seconds 
========================================================================
Received Import Request.
  Time since last request: 122.359326 seconds.
  path: Assets/Prefabs/Items/Heart.prefab
  artifactKey: Guid(f9f2d041469a14f43b5b18b0672121eb) Importer(815301076,1909f56bfc062723c751e8b465ee728b)
Start importing Assets/Prefabs/Items/Heart.prefab using Guid(f9f2d041469a14f43b5b18b0672121eb) Importer(815301076,1909f56bfc062723c751e8b465ee728b)  -> (artifact id: '2544342e76ab736f6f7f8776f635ab50') in 0.026068 seconds 
========================================================================
Received Import Request.
  Time since last request: 13.052201 seconds.
  path: Assets/Code/Heart/Heart.controller
  artifactKey: Guid(e7a71c07bc226a8439d2fab7cec9565d) Importer(815301076,1909f56bfc062723c751e8b465ee728b)
Start importing Assets/Code/Heart/Heart.controller using Guid(e7a71c07bc226a8439d2fab7cec9565d) Importer(815301076,1909f56bfc062723c751e8b465ee728b)  -> (artifact id: '37298e18907d2f2ac2a82a9914e28a1f') in 0.035427 seconds 
========================================================================
Received Prepare
Registering precompiled user dll's ...
Registered in 0.010643 seconds.
Begin MonoManager ReloadAssembly
Native extension for WindowsStandalone target not found
Refreshing native plugins compatible for Editor in 1.06 ms, found 5 plugins.
Preloading 0 native plugins for Editor in 0.00 ms.
Mono: successfully reloaded assembly
- Completed reload, in  1.541 seconds
Platform modules already initialized, skipping
Refreshing native plugins compatible for Editor in 1.06 ms, found 5 plugins.
Preloading 0 native plugins for Editor in 0.00 ms.
Unloading 4394 Unused Serialized files (Serialized files now loaded: 0)
System memory in use before: 178.7 MB.
System memory in use after: 178.9 MB.

Unloading 21 unused Assets to reduce memory usage. Loaded Objects now: 4932.
Total: 4.319800 ms (FindLiveObjects: 0.462500 ms CreateObjectMapping: 0.347300 ms MarkObjects: 3.471300 ms  DeleteObjects: 0.035800 ms)

========================================================================
Received Prepare
Registering precompiled user dll's ...
Registered in 0.008028 seconds.
Begin MonoManager ReloadAssembly
Native extension for WindowsStandalone target not found
Refreshing native plugins compatible for Editor in 1.12 ms, found 5 plugins.
Preloading 0 native plugins for Editor in 0.00 ms.
Mono: successfully reloaded assembly
- Completed reload, in  2.064 seconds
Platform modules already initialized, skipping
Refreshing native plugins compatible for Editor in 1.34 ms, found 5 plugins.
Preloading 0 native plugins for Editor in 0.00 ms.
Unloading 4394 Unused Serialized files (Serialized files now loaded: 0)
System memory in use before: 178.7 MB.
System memory in use after: 179.0 MB.

Unloading 21 unused Assets to reduce memory usage. Loaded Objects now: 4936.
Total: 6.217700 ms (FindLiveObjects: 0.722600 ms CreateObjectMapping: 0.654300 ms MarkObjects: 4.797700 ms  DeleteObjects: 0.040400 ms)

========================================================================
Received Prepare
Registering precompiled user dll's ...
Registered in 0.009116 seconds.
Begin MonoManager ReloadAssembly
Native extension for WindowsStandalone target not found
Refreshing native plugins compatible for Editor in 1.23 ms, found 5 plugins.
Preloading 0 native plugins for Editor in 0.00 ms.
Mono: successfully reloaded assembly
- Completed reload, in  1.506 seconds
Platform modules already initialized, skipping
Refreshing native plugins compatible for Editor in 1.00 ms, found 5 plugins.
Preloading 0 native plugins for Editor in 0.00 ms.
Unloading 4394 Unused Serialized files (Serialized files now loaded: 0)
System memory in use before: 178.7 MB.
System memory in use after: 179.0 MB.

Unloading 21 unused Assets to reduce memory usage. Loaded Objects now: 4940.
Total: 4.863100 ms (FindLiveObjects: 0.550000 ms CreateObjectMapping: 0.521400 ms MarkObjects: 3.753100 ms  DeleteObjects: 0.036900 ms)

========================================================================
Received Prepare
Registering precompiled user dll's ...
Registered in 0.005791 seconds.
Begin MonoManager ReloadAssembly
Native extension for WindowsStandalone target not found
Refreshing native plugins compatible for Editor in 1.10 ms, found 5 plugins.
Preloading 0 native plugins for Editor in 0.00 ms.
Mono: successfully reloaded assembly
- Completed reload, in  1.739 seconds
Platform modules already initialized, skipping
Refreshing native plugins compatible for Editor in 1.05 ms, found 5 plugins.
Preloading 0 native plugins for Editor in 0.00 ms.
Unloading 4394 Unused Serialized files (Serialized files now loaded: 0)
System memory in use before: 178.7 MB.
System memory in use after: 179.0 MB.

Unloading 21 unused Assets to reduce memory usage. Loaded Objects now: 4944.
Total: 4.682500 ms (FindLiveObjects: 0.717400 ms CreateObjectMapping: 0.498900 ms MarkObjects: 3.429900 ms  DeleteObjects: 0.034700 ms)

========================================================================
Received Prepare
Registering precompiled user dll's ...
Registered in 0.005609 seconds.
Begin MonoManager ReloadAssembly
Native extension for WindowsStandalone target not found
Refreshing native plugins compatible for Editor in 4.20 ms, found 5 plugins.
Preloading 0 native plugins for Editor in 0.00 ms.
Mono: successfully reloaded assembly
- Completed reload, in  3.456 seconds
Platform modules already initialized, skipping
Refreshing native plugins compatible for Editor in 1.13 ms, found 5 plugins.
Preloading 0 native plugins for Editor in 0.00 ms.
Unloading 4394 Unused Serialized files (Serialized files now loaded: 0)
System memory in use before: 178.7 MB.
System memory in use after: 179.0 MB.

Unloading 21 unused Assets to reduce memory usage. Loaded Objects now: 4948.
Total: 4.553000 ms (FindLiveObjects: 0.623300 ms CreateObjectMapping: 0.427900 ms MarkObjects: 3.461900 ms  DeleteObjects: 0.038100 ms)

========================================================================
Received Prepare
Registering precompiled user dll's ...
Registered in 0.006307 seconds.
Begin MonoManager ReloadAssembly
Native extension for WindowsStandalone target not found
Refreshing native plugins compatible for Editor in 1.12 ms, found 5 plugins.
Preloading 0 native plugins for Editor in 0.00 ms.
Mono: successfully reloaded assembly
- Completed reload, in  2.612 seconds
Platform modules already initialized, skipping
Refreshing native plugins compatible for Editor in 1.08 ms, found 5 plugins.
Preloading 0 native plugins for Editor in 0.00 ms.
Unloading 4394 Unused Serialized files (Serialized files now loaded: 0)
System memory in use before: 178.8 MB.
System memory in use after: 179.0 MB.

Unloading 21 unused Assets to reduce memory usage. Loaded Objects now: 4952.
Total: 4.658000 ms (FindLiveObjects: 0.682100 ms CreateObjectMapping: 0.441600 ms MarkObjects: 3.500600 ms  DeleteObjects: 0.032100 ms)

========================================================================
Received Prepare
Registering precompiled user dll's ...
Registered in 0.010022 seconds.
Begin MonoManager ReloadAssembly
Native extension for WindowsStandalone target not found
Refreshing native plugins compatible for Editor in 1.52 ms, found 5 plugins.
Preloading 0 native plugins for Editor in 0.00 ms.
Mono: successfully reloaded assembly
- Completed reload, in  2.919 seconds
Platform modules already initialized, skipping
Refreshing native plugins compatible for Editor in 1.58 ms, found 5 plugins.
Preloading 0 native plugins for Editor in 0.00 ms.
Unloading 4394 Unused Serialized files (Serialized files now loaded: 0)
System memory in use before: 178.8 MB.
System memory in use after: 179.0 MB.

Unloading 21 unused Assets to reduce memory usage. Loaded Objects now: 4956.
Total: 5.974600 ms (FindLiveObjects: 0.896900 ms CreateObjectMapping: 0.686800 ms MarkObjects: 4.357000 ms  DeleteObjects: 0.031900 ms)

========================================================================
Received Import Request.
  Time since last request: 1025.947329 seconds.
  path: Assets/Prefabs/Items/Shield.prefab
  artifactKey: Guid(69aab42bf2c241844bce56d8a7518ba5) Importer(815301076,1909f56bfc062723c751e8b465ee728b)
Start importing Assets/Prefabs/Items/Shield.prefab using Guid(69aab42bf2c241844bce56d8a7518ba5) Importer(815301076,1909f56bfc062723c751e8b465ee728b)  -> (artifact id: '8308089a6fb7707fc05b42e0dd1c47a1') in 0.104998 seconds 
========================================================================
Received Import Request.
  Time since last request: 0.000592 seconds.
  path: Assets/Prefabs/Items/Heart.prefab
  artifactKey: Guid(f9f2d041469a14f43b5b18b0672121eb) Importer(815301076,1909f56bfc062723c751e8b465ee728b)
Start importing Assets/Prefabs/Items/Heart.prefab using Guid(f9f2d041469a14f43b5b18b0672121eb) Importer(815301076,1909f56bfc062723c751e8b465ee728b)  -> (artifact id: '518ef65d77f7e679e483916b94c1e6b4') in 0.123449 seconds 
========================================================================
Received Import Request.
  Time since last request: 18.889378 seconds.
  path: Assets/Prefabs/Items/Shield.prefab
  artifactKey: Guid(69aab42bf2c241844bce56d8a7518ba5) Importer(815301076,1909f56bfc062723c751e8b465ee728b)
Start importing Assets/Prefabs/Items/Shield.prefab using Guid(69aab42bf2c241844bce56d8a7518ba5) Importer(815301076,1909f56bfc062723c751e8b465ee728b)  -> (artifact id: 'e742cca035bc115fd804b78ef9147849') in 0.038298 seconds 
========================================================================
Received Import Request.
  Time since last request: 80.491299 seconds.
  path: Assets/Code/ScreenObjectMovement.cs
  artifactKey: Guid(be26c6573bf0e854087709e19714df0f) Importer(815301076,1909f56bfc062723c751e8b465ee728b)
Start importing Assets/Code/ScreenObjectMovement.cs using Guid(be26c6573bf0e854087709e19714df0f) Importer(815301076,1909f56bfc062723c751e8b465ee728b)  -> (artifact id: 'cc9936706984ccd3834b7555e9c6e94a') in 0.083124 seconds 
========================================================================
Received Prepare
Registering precompiled user dll's ...
Registered in 0.008753 seconds.
Begin MonoManager ReloadAssembly
Native extension for WindowsStandalone target not found
Refreshing native plugins compatible for Editor in 1.05 ms, found 5 plugins.
Preloading 0 native plugins for Editor in 0.00 ms.
Mono: successfully reloaded assembly
- Completed reload, in  1.471 seconds
Platform modules already initialized, skipping
Refreshing native plugins compatible for Editor in 1.04 ms, found 5 plugins.
Preloading 0 native plugins for Editor in 0.00 ms.
Unloading 4395 Unused Serialized files (Serialized files now loaded: 0)
System memory in use before: 178.8 MB.
System memory in use after: 179.1 MB.

Unloading 21 unused Assets to reduce memory usage. Loaded Objects now: 4962.
Total: 4.687900 ms (FindLiveObjects: 0.574500 ms CreateObjectMapping: 0.456500 ms MarkObjects: 3.624200 ms  DeleteObjects: 0.030700 ms)

========================================================================
Received Prepare
Registering precompiled user dll's ...
Registered in 0.007137 seconds.
Begin MonoManager ReloadAssembly
Native extension for WindowsStandalone target not found
Refreshing native plugins compatible for Editor in 1.10 ms, found 5 plugins.
Preloading 0 native plugins for Editor in 0.00 ms.
Mono: successfully reloaded assembly
- Completed reload, in  2.225 seconds
Platform modules already initialized, skipping
Refreshing native plugins compatible for Editor in 1.27 ms, found 5 plugins.
Preloading 0 native plugins for Editor in 0.00 ms.
Unloading 4395 Unused Serialized files (Serialized files now loaded: 0)
System memory in use before: 178.8 MB.
System memory in use after: 179.1 MB.

Unloading 21 unused Assets to reduce memory usage. Loaded Objects now: 4966.
Total: 5.684700 ms (FindLiveObjects: 1.728100 ms CreateObjectMapping: 0.616100 ms MarkObjects: 3.310700 ms  DeleteObjects: 0.028200 ms)

========================================================================
Received Import Request.
  Time since last request: 366.720464 seconds.
  path: Assets/Code/ScreenObjectMovement.cs
  artifactKey: Guid(be26c6573bf0e854087709e19714df0f) Importer(815301076,1909f56bfc062723c751e8b465ee728b)
Start importing Assets/Code/ScreenObjectMovement.cs using Guid(be26c6573bf0e854087709e19714df0f) Importer(815301076,1909f56bfc062723c751e8b465ee728b)  -> (artifact id: '1289cd4a39c6966d8ae99f392e7b17b4') in 0.011687 seconds 
========================================================================
Received Prepare
Registering precompiled user dll's ...
Registered in 0.013242 seconds.
Begin MonoManager ReloadAssembly
Native extension for WindowsStandalone target not found
Refreshing native plugins compatible for Editor in 1.18 ms, found 5 plugins.
Preloading 0 native plugins for Editor in 0.00 ms.
Mono: successfully reloaded assembly
- Completed reload, in  2.176 seconds
Platform modules already initialized, skipping
Refreshing native plugins compatible for Editor in 1.03 ms, found 5 plugins.
Preloading 0 native plugins for Editor in 0.00 ms.
Unloading 4395 Unused Serialized files (Serialized files now loaded: 0)
System memory in use before: 178.8 MB.
System memory in use after: 179.1 MB.

Unloading 21 unused Assets to reduce memory usage. Loaded Objects now: 4970.
Total: 5.051100 ms (FindLiveObjects: 0.755700 ms CreateObjectMapping: 0.503300 ms MarkObjects: 3.750500 ms  DeleteObjects: 0.039600 ms)

========================================================================
Received Prepare
Registering precompiled user dll's ...
Registered in 0.005418 seconds.
Begin MonoManager ReloadAssembly
Native extension for WindowsStandalone target not found
Refreshing native plugins compatible for Editor in 1.97 ms, found 5 plugins.
Preloading 0 native plugins for Editor in 0.00 ms.
Mono: successfully reloaded assembly
- Completed reload, in  2.030 seconds
Platform modules already initialized, skipping
Refreshing native plugins compatible for Editor in 1.11 ms, found 5 plugins.
Preloading 0 native plugins for Editor in 0.00 ms.
Unloading 4395 Unused Serialized files (Serialized files now loaded: 0)
System memory in use before: 178.8 MB.
System memory in use after: 179.1 MB.

Unloading 21 unused Assets to reduce memory usage. Loaded Objects now: 4974.
Total: 5.045800 ms (FindLiveObjects: 0.840900 ms CreateObjectMapping: 0.495200 ms MarkObjects: 3.655200 ms  DeleteObjects: 0.053100 ms)

========================================================================
Received Prepare
Registering precompiled user dll's ...
Registered in 0.007083 seconds.
Begin MonoManager ReloadAssembly
Native extension for WindowsStandalone target not found
Refreshing native plugins compatible for Editor in 1.59 ms, found 5 plugins.
Preloading 0 native plugins for Editor in 0.00 ms.
Mono: successfully reloaded assembly
- Completed reload, in  2.243 seconds
Platform modules already initialized, skipping
Refreshing native plugins compatible for Editor in 1.67 ms, found 5 plugins.
Preloading 0 native plugins for Editor in 0.00 ms.
Unloading 4395 Unused Serialized files (Serialized files now loaded: 0)
System memory in use before: 178.9 MB.
System memory in use after: 179.1 MB.

Unloading 21 unused Assets to reduce memory usage. Loaded Objects now: 4978.
Total: 4.878400 ms (FindLiveObjects: 0.529000 ms CreateObjectMapping: 0.484900 ms MarkObjects: 3.831900 ms  DeleteObjects: 0.030900 ms)

========================================================================
Received Import Request.
  Time since last request: 1368.480880 seconds.
  path: Assets/Prefabs/Balls/Ball 2.prefab
  artifactKey: Guid(4673c37b8de89c048910ed51b6e38bdf) Importer(815301076,1909f56bfc062723c751e8b465ee728b)
Start importing Assets/Prefabs/Balls/Ball 2.prefab using Guid(4673c37b8de89c048910ed51b6e38bdf) Importer(815301076,1909f56bfc062723c751e8b465ee728b)  -> (artifact id: 'ccddb3214d62b2682f7e7379856ffc46') in 0.108121 seconds 
========================================================================
Received Import Request.
  Time since last request: 0.000433 seconds.
  path: Assets/Prefabs/Balls/Ball.prefab
  artifactKey: Guid(09a121af51a385340b820af90fc43754) Importer(815301076,1909f56bfc062723c751e8b465ee728b)
Start importing Assets/Prefabs/Balls/Ball.prefab using Guid(09a121af51a385340b820af90fc43754) Importer(815301076,1909f56bfc062723c751e8b465ee728b)  -> (artifact id: '97e9714de4caafbc33c13c754bfbb390') in 0.064468 seconds 
========================================================================
Received Import Request.
  Time since last request: 0.000312 seconds.
  path: Assets/Prefabs/Balls/Ball 4.prefab
  artifactKey: Guid(2284192c8436c4247960830e9b354dd5) Importer(815301076,1909f56bfc062723c751e8b465ee728b)
Start importing Assets/Prefabs/Balls/Ball 4.prefab using Guid(2284192c8436c4247960830e9b354dd5) Importer(815301076,1909f56bfc062723c751e8b465ee728b)  -> (artifact id: '7d0a86b6e9725326598353eceb7e7992') in 0.078243 seconds 
========================================================================
Received Import Request.
  Time since last request: 0.000392 seconds.
  path: Assets/Prefabs/Balls/Ball 3.prefab
  artifactKey: Guid(7a7c7c92fd26adc47b4c189deb805ce9) Importer(815301076,1909f56bfc062723c751e8b465ee728b)
Start importing Assets/Prefabs/Balls/Ball 3.prefab using Guid(7a7c7c92fd26adc47b4c189deb805ce9) Importer(815301076,1909f56bfc062723c751e8b465ee728b)  -> (artifact id: '903a2bebef52b779f7268f66cf5bbeb8') in 0.052989 seconds 
========================================================================
Received Import Request.
  Time since last request: 40.658552 seconds.
  path: Assets/Prefabs/Balls/Ball 5.prefab
  artifactKey: Guid(5fd365655056cad4198c138e618287e2) Importer(815301076,1909f56bfc062723c751e8b465ee728b)
Start importing Assets/Prefabs/Balls/Ball 5.prefab using Guid(5fd365655056cad4198c138e618287e2) Importer(815301076,1909f56bfc062723c751e8b465ee728b)  -> (artifact id: 'e3661b772295712fec364f573a27daf6') in 0.039058 seconds 
========================================================================
Received Import Request.
  Time since last request: 33.677269 seconds.
  path: Assets/Prefabs/Balls/Ball 4.prefab
  artifactKey: Guid(2284192c8436c4247960830e9b354dd5) Importer(815301076,1909f56bfc062723c751e8b465ee728b)
Start importing Assets/Prefabs/Balls/Ball 4.prefab using Guid(2284192c8436c4247960830e9b354dd5) Importer(815301076,1909f56bfc062723c751e8b465ee728b)  -> (artifact id: '2ff74a15763895a923c679d0386a41bc') in 0.046793 seconds 
========================================================================
Received Import Request.
  Time since last request: 6.995452 seconds.
  path: Assets/Prefabs/Balls/Ball 4.prefab
  artifactKey: Guid(2284192c8436c4247960830e9b354dd5) Importer(815301076,1909f56bfc062723c751e8b465ee728b)
Start importing Assets/Prefabs/Balls/Ball 4.prefab using Guid(2284192c8436c4247960830e9b354dd5) Importer(815301076,1909f56bfc062723c751e8b465ee728b)  -> (artifact id: 'b9a5094208fbd698b52f4711170f3413') in 0.052675 seconds 
========================================================================
Received Import Request.
  Time since last request: 5.535269 seconds.
  path: Assets/Prefabs/Balls/Ball 5.prefab
  artifactKey: Guid(5fd365655056cad4198c138e618287e2) Importer(815301076,1909f56bfc062723c751e8b465ee728b)
Start importing Assets/Prefabs/Balls/Ball 5.prefab using Guid(5fd365655056cad4198c138e618287e2) Importer(815301076,1909f56bfc062723c751e8b465ee728b)  -> (artifact id: '97702e6aa62769f12bf8c0d2ed393ba9') in 0.039742 seconds 
========================================================================
Received Import Request.
  Time since last request: 139.418255 seconds.
  path: Assets/Prefabs/Balls/Ball 5.prefab
  artifactKey: Guid(5fd365655056cad4198c138e618287e2) Importer(815301076,1909f56bfc062723c751e8b465ee728b)
Start importing Assets/Prefabs/Balls/Ball 5.prefab using Guid(5fd365655056cad4198c138e618287e2) Importer(815301076,1909f56bfc062723c751e8b465ee728b)  -> (artifact id: '25550adf7ef38cf1e1f98c621d719070') in 0.040992 seconds 
========================================================================
Received Import Request.
  Time since last request: 16.569191 seconds.
  path: Assets/Prefabs/Balls/Ball 5.prefab
  artifactKey: Guid(5fd365655056cad4198c138e618287e2) Importer(815301076,1909f56bfc062723c751e8b465ee728b)
Start importing Assets/Prefabs/Balls/Ball 5.prefab using Guid(5fd365655056cad4198c138e618287e2) Importer(815301076,1909f56bfc062723c751e8b465ee728b)  -> (artifact id: '22228a866932fa9de64b4d76b3fd43e2') in 0.035861 seconds 
========================================================================
Received Import Request.
  Time since last request: 11.531258 seconds.
  path: Assets/Prefabs/Balls/Ball 5.prefab
  artifactKey: Guid(5fd365655056cad4198c138e618287e2) Importer(815301076,1909f56bfc062723c751e8b465ee728b)
Start importing Assets/Prefabs/Balls/Ball 5.prefab using Guid(5fd365655056cad4198c138e618287e2) Importer(815301076,1909f56bfc062723c751e8b465ee728b)  -> (artifact id: 'be9dfc5b94484aaa4368d9a79664ea47') in 0.039848 seconds 
========================================================================
Received Import Request.
  Time since last request: 41.185249 seconds.
  path: Assets/Prefabs/Balls/Ball 6.prefab
  artifactKey: Guid(2b494f513628e5a40848487a33f74b64) Importer(815301076,1909f56bfc062723c751e8b465ee728b)
Start importing Assets/Prefabs/Balls/Ball 6.prefab using Guid(2b494f513628e5a40848487a33f74b64) Importer(815301076,1909f56bfc062723c751e8b465ee728b)  -> (artifact id: '747ee2418ecad7a463fb15aa10f418aa') in 0.040459 seconds 
========================================================================
Received Prepare
Registering precompiled user dll's ...
Registered in 0.005410 seconds.
Begin MonoManager ReloadAssembly
Native extension for WindowsStandalone target not found
Refreshing native plugins compatible for Editor in 1.18 ms, found 5 plugins.
Preloading 0 native plugins for Editor in 0.00 ms.
Mono: successfully reloaded assembly
- Completed reload, in  2.166 seconds
Platform modules already initialized, skipping
Refreshing native plugins compatible for Editor in 1.05 ms, found 5 plugins.
Preloading 0 native plugins for Editor in 0.00 ms.
Unloading 4395 Unused Serialized files (Serialized files now loaded: 0)
System memory in use before: 178.9 MB.
System memory in use after: 179.2 MB.

Unloading 23 unused Assets to reduce memory usage. Loaded Objects now: 4983.
Total: 6.694300 ms (FindLiveObjects: 2.377900 ms CreateObjectMapping: 0.592100 ms MarkObjects: 3.604500 ms  DeleteObjects: 0.115800 ms)

========================================================================
Received Prepare
Registering precompiled user dll's ...
Registered in 0.006818 seconds.
Begin MonoManager ReloadAssembly
Native extension for WindowsStandalone target not found
Refreshing native plugins compatible for Editor in 1.14 ms, found 5 plugins.
Preloading 0 native plugins for Editor in 0.00 ms.
Mono: successfully reloaded assembly
- Completed reload, in  2.081 seconds
Platform modules already initialized, skipping
Refreshing native plugins compatible for Editor in 2.42 ms, found 5 plugins.
Preloading 0 native plugins for Editor in 0.00 ms.
Unloading 4395 Unused Serialized files (Serialized files now loaded: 0)
System memory in use before: 178.9 MB.
System memory in use after: 179.2 MB.

Unloading 21 unused Assets to reduce memory usage. Loaded Objects now: 4987.
Total: 4.947200 ms (FindLiveObjects: 0.765800 ms CreateObjectMapping: 0.593500 ms MarkObjects: 3.559800 ms  DeleteObjects: 0.025500 ms)

========================================================================
Received Prepare
Registering precompiled user dll's ...
Registered in 0.006823 seconds.
Begin MonoManager ReloadAssembly
Native extension for WindowsStandalone target not found
Refreshing native plugins compatible for Editor in 1.13 ms, found 5 plugins.
Preloading 0 native plugins for Editor in 0.00 ms.
Mono: successfully reloaded assembly
- Completed reload, in  2.406 seconds
Platform modules already initialized, skipping
Refreshing native plugins compatible for Editor in 1.05 ms, found 5 plugins.
Preloading 0 native plugins for Editor in 0.00 ms.
Unloading 4395 Unused Serialized files (Serialized files now loaded: 0)
System memory in use before: 178.9 MB.
System memory in use after: 179.2 MB.

Unloading 21 unused Assets to reduce memory usage. Loaded Objects now: 4991.
Total: 4.706400 ms (FindLiveObjects: 0.534600 ms CreateObjectMapping: 0.500900 ms MarkObjects: 3.629100 ms  DeleteObjects: 0.040000 ms)

========================================================================
Received Import Request.
  Time since last request: 872.323096 seconds.
  path: Assets/Prefabs/Balls/Ball 5.prefab
  artifactKey: Guid(5fd365655056cad4198c138e618287e2) Importer(815301076,1909f56bfc062723c751e8b465ee728b)
Start importing Assets/Prefabs/Balls/Ball 5.prefab using Guid(5fd365655056cad4198c138e618287e2) Importer(815301076,1909f56bfc062723c751e8b465ee728b)  -> (artifact id: '9f9a46c339e5c269333e948a1f225476') in 0.095050 seconds 
========================================================================
Received Import Request.
  Time since last request: 465.395019 seconds.
  path: Assets/Code/Props/HardestSmart.cs
  artifactKey: Guid(9c0bfe82c5f390545830c29fe812501a) Importer(815301076,1909f56bfc062723c751e8b465ee728b)
Start importing Assets/Code/Props/HardestSmart.cs using Guid(9c0bfe82c5f390545830c29fe812501a) Importer(815301076,1909f56bfc062723c751e8b465ee728b)  -> (artifact id: 'e76ddf1dc0374e3af3a989ff6451a8bc') in 0.011615 seconds 
========================================================================
Received Import Request.
  Time since last request: 4.290778 seconds.
  path: Assets/Code/Props/HardSmartBall.cs
  artifactKey: Guid(11c4d2f52a6be6d4e9272aea3d724657) Importer(815301076,1909f56bfc062723c751e8b465ee728b)
Start importing Assets/Code/Props/HardSmartBall.cs using Guid(11c4d2f52a6be6d4e9272aea3d724657) Importer(815301076,1909f56bfc062723c751e8b465ee728b)  -> (artifact id: 'e87a34d5fb11a96b0abb1452f940c556') in 0.132763 seconds 
========================================================================
Received Prepare
Registering precompiled user dll's ...
Registered in 0.007035 seconds.
Begin MonoManager ReloadAssembly
Native extension for WindowsStandalone target not found
Refreshing native plugins compatible for Editor in 1.05 ms, found 5 plugins.
Preloading 0 native plugins for Editor in 0.00 ms.
Mono: successfully reloaded assembly
- Completed reload, in  1.628 seconds
Platform modules already initialized, skipping
Refreshing native plugins compatible for Editor in 1.11 ms, found 5 plugins.
Preloading 0 native plugins for Editor in 0.00 ms.
Unloading 4396 Unused Serialized files (Serialized files now loaded: 0)
System memory in use before: 179.0 MB.
System memory in use after: 179.2 MB.

Unloading 23 unused Assets to reduce memory usage. Loaded Objects now: 4997.
Total: 4.580500 ms (FindLiveObjects: 0.562000 ms CreateObjectMapping: 0.436600 ms MarkObjects: 3.429700 ms  DeleteObjects: 0.135400 ms)

========================================================================
Received Prepare
Registering precompiled user dll's ...
Registered in 0.011189 seconds.
Begin MonoManager ReloadAssembly
Native extension for WindowsStandalone target not found
Refreshing native plugins compatible for Editor in 3.79 ms, found 5 plugins.
Preloading 0 native plugins for Editor in 0.00 ms.
Mono: successfully reloaded assembly
- Completed reload, in  4.826 seconds
Platform modules already initialized, skipping
Refreshing native plugins compatible for Editor in 2.46 ms, found 5 plugins.
Preloading 0 native plugins for Editor in 0.00 ms.
Unloading 4396 Unused Serialized files (Serialized files now loaded: 0)
System memory in use before: 179.0 MB.
System memory in use after: 179.2 MB.

Unloading 21 unused Assets to reduce memory usage. Loaded Objects now: 5001.
Total: 8.765400 ms (FindLiveObjects: 1.047600 ms CreateObjectMapping: 0.592000 ms MarkObjects: 7.093900 ms  DeleteObjects: 0.029900 ms)

========================================================================
Received Import Request.
  Time since last request: 1460.891883 seconds.
  path: Assets/Code/Props/HardSmartBall.cs
  artifactKey: Guid(11c4d2f52a6be6d4e9272aea3d724657) Importer(815301076,1909f56bfc062723c751e8b465ee728b)
Start importing Assets/Code/Props/HardSmartBall.cs using Guid(11c4d2f52a6be6d4e9272aea3d724657) Importer(815301076,1909f56bfc062723c751e8b465ee728b)  -> (artifact id: 'ef079e524e3210b2e9c7d8ff697e498a') in 0.027618 seconds 
========================================================================
Received Import Request.
  Time since last request: 11.649846 seconds.
  path: Assets/Prefabs/Balls/Ball 6.prefab
  artifactKey: Guid(623d30c2cb19bce46b938cfd0504acbe) Importer(815301076,1909f56bfc062723c751e8b465ee728b)
Start importing Assets/Prefabs/Balls/Ball 6.prefab using Guid(623d30c2cb19bce46b938cfd0504acbe) Importer(815301076,1909f56bfc062723c751e8b465ee728b)  -> (artifact id: 'db5b261e0bd181cee00672460185ee6b') in 0.158669 seconds 
========================================================================
Received Import Request.
  Time since last request: 6.734281 seconds.
  path: Assets/Prefabs/Balls/Ball 6.prefab
  artifactKey: Guid(623d30c2cb19bce46b938cfd0504acbe) Importer(815301076,1909f56bfc062723c751e8b465ee728b)
Start importing Assets/Prefabs/Balls/Ball 6.prefab using Guid(623d30c2cb19bce46b938cfd0504acbe) Importer(815301076,1909f56bfc062723c751e8b465ee728b)  -> (artifact id: '25701c8b1bba41a243be78b5aeee2eac') in 0.063436 seconds 
========================================================================
Received Import Request.
  Time since last request: 4.078369 seconds.
  path: Assets/Prefabs/Balls/Ball 6.prefab
  artifactKey: Guid(623d30c2cb19bce46b938cfd0504acbe) Importer(815301076,1909f56bfc062723c751e8b465ee728b)
Start importing Assets/Prefabs/Balls/Ball 6.prefab using Guid(623d30c2cb19bce46b938cfd0504acbe) Importer(815301076,1909f56bfc062723c751e8b465ee728b)  -> (artifact id: 'f286c84e9149bab8c7ac7df4b1c53d83') in 0.033335 seconds 
========================================================================
Received Import Request.
  Time since last request: 43.110738 seconds.
  path: Assets/Prefabs/Balls/Ball 6.prefab
  artifactKey: Guid(623d30c2cb19bce46b938cfd0504acbe) Importer(815301076,1909f56bfc062723c751e8b465ee728b)
Start importing Assets/Prefabs/Balls/Ball 6.prefab using Guid(623d30c2cb19bce46b938cfd0504acbe) Importer(815301076,1909f56bfc062723c751e8b465ee728b)  -> (artifact id: '588b1c0d4c2040b92b71923b33e12a12') in 0.031519 seconds 
========================================================================
Received Import Request.
  Time since last request: 24.158564 seconds.
  path: Assets/Prefabs/Balls/Ball 6.prefab
  artifactKey: Guid(623d30c2cb19bce46b938cfd0504acbe) Importer(815301076,1909f56bfc062723c751e8b465ee728b)
Start importing Assets/Prefabs/Balls/Ball 6.prefab using Guid(623d30c2cb19bce46b938cfd0504acbe) Importer(815301076,1909f56bfc062723c751e8b465ee728b)  -> (artifact id: '1164a9a59fa776f8a96b93cc26c14d8b') in 0.042071 seconds 
========================================================================
Received Import Request.
  Time since last request: 10.077275 seconds.
  path: Assets/Prefabs/Balls/Ball 6.prefab
  artifactKey: Guid(623d30c2cb19bce46b938cfd0504acbe) Importer(815301076,1909f56bfc062723c751e8b465ee728b)
Start importing Assets/Prefabs/Balls/Ball 6.prefab using Guid(623d30c2cb19bce46b938cfd0504acbe) Importer(815301076,1909f56bfc062723c751e8b465ee728b)  -> (artifact id: '61d1f742d76571a68e05a2dc5f838d82') in 0.076384 seconds 
========================================================================
Received Prepare
Registering precompiled user dll's ...
Registered in 0.008288 seconds.
Begin MonoManager ReloadAssembly
Native extension for WindowsStandalone target not found
Refreshing native plugins compatible for Editor in 1.08 ms, found 5 plugins.
Preloading 0 native plugins for Editor in 0.00 ms.
Mono: successfully reloaded assembly
- Completed reload, in  1.838 seconds
Platform modules already initialized, skipping
Refreshing native plugins compatible for Editor in 1.46 ms, found 5 plugins.
Preloading 0 native plugins for Editor in 0.00 ms.
Unloading 4396 Unused Serialized files (Serialized files now loaded: 0)
System memory in use before: 179.0 MB.
System memory in use after: 179.3 MB.

Unloading 23 unused Assets to reduce memory usage. Loaded Objects now: 5006.
Total: 4.499200 ms (FindLiveObjects: 0.549400 ms CreateObjectMapping: 0.457600 ms MarkObjects: 3.368300 ms  DeleteObjects: 0.122300 ms)

========================================================================
Received Import Request.
  Time since last request: 236.819572 seconds.
  path: Assets/Prefabs/Balls/Ball 2.prefab
  artifactKey: Guid(4673c37b8de89c048910ed51b6e38bdf) Importer(815301076,1909f56bfc062723c751e8b465ee728b)
Start importing Assets/Prefabs/Balls/Ball 2.prefab using Guid(4673c37b8de89c048910ed51b6e38bdf) Importer(815301076,1909f56bfc062723c751e8b465ee728b)  -> (artifact id: '528af4026fe94258baf76917458704ca') in 0.089655 seconds 
========================================================================
Received Import Request.
  Time since last request: 1.139895 seconds.
  path: Assets/Prefabs/Balls/Ball 3.prefab
  artifactKey: Guid(7a7c7c92fd26adc47b4c189deb805ce9) Importer(815301076,1909f56bfc062723c751e8b465ee728b)
Start importing Assets/Prefabs/Balls/Ball 3.prefab using Guid(7a7c7c92fd26adc47b4c189deb805ce9) Importer(815301076,1909f56bfc062723c751e8b465ee728b)  -> (artifact id: '810795fd2c33c2a9355963d5a578754c') in 0.031939 seconds 
========================================================================
Received Import Request.
  Time since last request: 11.240458 seconds.
  path: Assets/Prefabs/Balls/Ball 5.prefab
  artifactKey: Guid(5fd365655056cad4198c138e618287e2) Importer(815301076,1909f56bfc062723c751e8b465ee728b)
Start importing Assets/Prefabs/Balls/Ball 5.prefab using Guid(5fd365655056cad4198c138e618287e2) Importer(815301076,1909f56bfc062723c751e8b465ee728b)  -> (artifact id: 'b423a76631ad8cfb364c115d8fde7f05') in 0.031740 seconds 
========================================================================
Received Import Request.
  Time since last request: 7.333507 seconds.
  path: Assets/Prefabs/Balls/Ball 6.prefab
  artifactKey: Guid(623d30c2cb19bce46b938cfd0504acbe) Importer(815301076,1909f56bfc062723c751e8b465ee728b)
Start importing Assets/Prefabs/Balls/Ball 6.prefab using Guid(623d30c2cb19bce46b938cfd0504acbe) Importer(815301076,1909f56bfc062723c751e8b465ee728b)  -> (artifact id: '2f8fe4ebf35d38dca7181077f6a08d08') in 0.026210 seconds 
========================================================================
Received Import Request.
  Time since last request: 15.396579 seconds.
  path: Assets/Prefabs/Balls/Ball 4.prefab
  artifactKey: Guid(2284192c8436c4247960830e9b354dd5) Importer(815301076,1909f56bfc062723c751e8b465ee728b)
Start importing Assets/Prefabs/Balls/Ball 4.prefab using Guid(2284192c8436c4247960830e9b354dd5) Importer(815301076,1909f56bfc062723c751e8b465ee728b)  -> (artifact id: 'd45ed2a369d2edeefb3bc0841af8dd07') in 0.040179 seconds 
========================================================================
Received Import Request.
  Time since last request: 9.654093 seconds.
  path: Assets/Prefabs/Balls/Ball 2.prefab
  artifactKey: Guid(4673c37b8de89c048910ed51b6e38bdf) Importer(815301076,1909f56bfc062723c751e8b465ee728b)
Start importing Assets/Prefabs/Balls/Ball 2.prefab using Guid(4673c37b8de89c048910ed51b6e38bdf) Importer(815301076,1909f56bfc062723c751e8b465ee728b)  -> (artifact id: '8653b18a1ea7fe2e537f0ebedfcdb2e1') in 0.026378 seconds 
========================================================================
Received Prepare
Registering precompiled user dll's ...
Registered in 0.009577 seconds.
Begin MonoManager ReloadAssembly
Native extension for WindowsStandalone target not found
Refreshing native plugins compatible for Editor in 1.18 ms, found 5 plugins.
Preloading 0 native plugins for Editor in 0.00 ms.
Mono: successfully reloaded assembly
- Completed reload, in  1.656 seconds
Platform modules already initialized, skipping
Refreshing native plugins compatible for Editor in 1.71 ms, found 5 plugins.
Preloading 0 native plugins for Editor in 0.00 ms.
Unloading 4396 Unused Serialized files (Serialized files now loaded: 0)
System memory in use before: 179.0 MB.
System memory in use after: 179.3 MB.

Unloading 23 unused Assets to reduce memory usage. Loaded Objects now: 5011.
Total: 6.152900 ms (FindLiveObjects: 1.758600 ms CreateObjectMapping: 0.677800 ms MarkObjects: 3.613800 ms  DeleteObjects: 0.101200 ms)

AssetImportWorkerClient::OnTransportError - code=2 error=End of file
