Using pre-set license
Built from '2021.1/staging' branch; Version is '2021.1.0b8 (4a0a5fc962a9) revision 4852319'; Using compiler version '192528614'; Build Type 'Release'
OS: 'Windows 10 Pro; OS build 19042.867; Version 2009; 64bit' Language: 'es' Physical Memory: 7984 MB
BatchMode: 1, IsHumanControllingUs: 0, StartBugReporterOnCrash: 0, Is64bit: 1, IsPro: 0

 COMMAND LINE ARGUMENTS:
C:\Program Files\Unity\Hub\Editor\2021.1.0b8\Editor\Unity.exe
-adb2
-batchMode
-noUpm
-name
AssetImportWorker1
-projectPath
C:/Users/Sebastian/Documents/UnityProjects/NGIOF
-logFile
Logs/AssetImportWorker1.log
-srvPort
53191
Successfully changed project path to: C:/Users/Sebastian/Documents/UnityProjects/NGIOF
C:/Users/Sebastian/Documents/UnityProjects/NGIOF
Using Asset Import Pipeline V2.
Unable to join player connection multicast group.

Refreshing native plugins compatible for Editor in 320.39 ms, found 2 plugins.
Preloading 0 native plugins for Editor in 0.00 ms.
Initialize engine version: 2021.1.0b8 (4a0a5fc962a9)
[Subsystems] Discovering subsystems at path C:/Program Files/Unity/Hub/Editor/2021.1.0b8/Editor/Data/Resources/UnitySubsystems
[Subsystems] Discovering subsystems at path C:/Users/Sebastian/Documents/UnityProjects/NGIOF/Assets
GfxDevice: creating device client; threaded=0; jobified=0
Direct3D:
    Version:  Direct3D 11.0 [level 11.1]
    Renderer: Intel(R) HD Graphics 620 (ID=0x5916)
    Vendor:   Intel
    VRAM:     3992 MB
    Driver:   23.20.16.4973
Initialize mono
Mono path[0] = 'C:/Program Files/Unity/Hub/Editor/2021.1.0b8/Editor/Data/Managed'
Mono path[1] = 'C:/Program Files/Unity/Hub/Editor/2021.1.0b8/Editor/Data/MonoBleedingEdge/lib/mono/unityjit'
Mono config path = 'C:/Program Files/Unity/Hub/Editor/2021.1.0b8/Editor/Data/MonoBleedingEdge/etc'
Using monoOptions --debugger-agent=transport=dt_socket,embedding=1,server=y,suspend=n,address=127.0.0.1:56480
Begin MonoManager ReloadAssembly
Registering precompiled unity dll's ...
Register platform support module: C:/Program Files/Unity/Hub/Editor/2021.1.0b8/Editor/Data/PlaybackEngines/WebGLSupport/UnityEditor.WebGL.Extensions.dll
Register platform support module: C:/Program Files/Unity/Hub/Editor/2021.1.0b8/Editor/Data/PlaybackEngines/WindowsStandaloneSupport/UnityEditor.WindowsStandalone.Extensions.dll
Registered in 0.003462 seconds.
Native extension for WindowsStandalone target not found
Native extension for WebGL target not found
Refreshing native plugins compatible for Editor in 216.19 ms, found 2 plugins.
Preloading 0 native plugins for Editor in 0.00 ms.
Mono: successfully reloaded assembly
- Completed reload, in  5.951 seconds
Platform modules already initialized, skipping
Registering precompiled user dll's ...
Registered in 0.006523 seconds.
Begin MonoManager ReloadAssembly
Native extension for WindowsStandalone target not found
Native extension for WebGL target not found
Refreshing native plugins compatible for Editor in 178.93 ms, found 2 plugins.
Preloading 0 native plugins for Editor in 0.00 ms.
Mono: successfully reloaded assembly
- Completed reload, in  2.115 seconds
Platform modules already initialized, skipping
========================================================================
Worker process is ready to serve import requests
Launched and connected shader compiler UnityShaderCompiler.exe after 0.07 seconds
Refreshing native plugins compatible for Editor in 0.84 ms, found 2 plugins.
Preloading 0 native plugins for Editor in 0.00 ms.
Unloading 4261 Unused Serialized files (Serialized files now loaded: 0)
System memory in use before: 169.6 MB.
System memory in use after: 169.9 MB.

Unloading 28 unused Assets to reduce memory usage. Loaded Objects now: 4737.
Total: 4.790600 ms (FindLiveObjects: 0.518200 ms CreateObjectMapping: 0.492600 ms MarkObjects: 3.650500 ms  DeleteObjects: 0.127200 ms)

========================================================================
Received Import Request.
  path: Assets/Code/Singleton.cs
  artifactKey: Guid(69edbf876e91efb4993dc8095761b397) Importer(815301076,1909f56bfc062723c751e8b465ee728b)
Start importing Assets/Code/Singleton.cs using Guid(69edbf876e91efb4993dc8095761b397) Importer(815301076,1909f56bfc062723c751e8b465ee728b)  -> (artifact id: 'a2b1759f9d7163aa55cf3259697e038c') in 0.061677 seconds 
========================================================================
Received Prepare
Registering precompiled user dll's ...
Registered in 0.005109 seconds.
Begin MonoManager ReloadAssembly
Native extension for WindowsStandalone target not found
Native extension for WebGL target not found
Refreshing native plugins compatible for Editor in 1.68 ms, found 2 plugins.
Preloading 0 native plugins for Editor in 0.00 ms.
Mono: successfully reloaded assembly
- Completed reload, in  2.046 seconds
Platform modules already initialized, skipping
Refreshing native plugins compatible for Editor in 0.98 ms, found 2 plugins.
Preloading 0 native plugins for Editor in 0.00 ms.
Unloading 4236 Unused Serialized files (Serialized files now loaded: 0)
System memory in use before: 169.0 MB.
System memory in use after: 169.3 MB.

Unloading 14 unused Assets to reduce memory usage. Loaded Objects now: 4741.
Total: 5.337700 ms (FindLiveObjects: 0.645500 ms CreateObjectMapping: 0.540700 ms MarkObjects: 4.109200 ms  DeleteObjects: 0.039300 ms)

========================================================================
Received Import Request.
  Time since last request: 122.761258 seconds.
  path: Assets/Code/Singleton.cs
  artifactKey: Guid(69edbf876e91efb4993dc8095761b397) Importer(815301076,1909f56bfc062723c751e8b465ee728b)
Start importing Assets/Code/Singleton.cs using Guid(69edbf876e91efb4993dc8095761b397) Importer(815301076,1909f56bfc062723c751e8b465ee728b)  -> (artifact id: '3215d89745a95bbccecff664d1d38240') in 0.011753 seconds 
========================================================================
Received Prepare
Registering precompiled user dll's ...
Registered in 0.005618 seconds.
Begin MonoManager ReloadAssembly
Native extension for WindowsStandalone target not found
Native extension for WebGL target not found
Refreshing native plugins compatible for Editor in 0.98 ms, found 2 plugins.
Preloading 0 native plugins for Editor in 0.00 ms.
Mono: successfully reloaded assembly
- Completed reload, in  1.877 seconds
Platform modules already initialized, skipping
Refreshing native plugins compatible for Editor in 0.88 ms, found 2 plugins.
Preloading 0 native plugins for Editor in 0.00 ms.
Unloading 4236 Unused Serialized files (Serialized files now loaded: 0)
System memory in use before: 169.1 MB.
System memory in use after: 169.4 MB.

Unloading 14 unused Assets to reduce memory usage. Loaded Objects now: 4745.
Total: 4.829200 ms (FindLiveObjects: 0.587500 ms CreateObjectMapping: 0.809900 ms MarkObjects: 3.405500 ms  DeleteObjects: 0.023900 ms)

========================================================================
Received Import Request.
  Time since last request: 142.773951 seconds.
  path: Assets/Code/GameSettings.cs
  artifactKey: Guid(36a43077de6c4e44cb7d1831d00f8bdd) Importer(815301076,1909f56bfc062723c751e8b465ee728b)
Start importing Assets/Code/GameSettings.cs using Guid(36a43077de6c4e44cb7d1831d00f8bdd) Importer(815301076,1909f56bfc062723c751e8b465ee728b)  -> (artifact id: '11b850f9514cc8a6e9e91fe39434d687') in 0.076321 seconds 
========================================================================
Received Prepare
Registering precompiled user dll's ...
Registered in 0.005992 seconds.
Begin MonoManager ReloadAssembly
Native extension for WindowsStandalone target not found
Native extension for WebGL target not found
Refreshing native plugins compatible for Editor in 1.10 ms, found 2 plugins.
Preloading 0 native plugins for Editor in 0.00 ms.
Mono: successfully reloaded assembly
- Completed reload, in  1.918 seconds
Platform modules already initialized, skipping
Refreshing native plugins compatible for Editor in 0.87 ms, found 2 plugins.
Preloading 0 native plugins for Editor in 0.00 ms.
Unloading 4237 Unused Serialized files (Serialized files now loaded: 0)
System memory in use before: 169.2 MB.
System memory in use after: 169.4 MB.

Unloading 14 unused Assets to reduce memory usage. Loaded Objects now: 4750.
Total: 4.608100 ms (FindLiveObjects: 0.463300 ms CreateObjectMapping: 0.797100 ms MarkObjects: 3.314700 ms  DeleteObjects: 0.030600 ms)

========================================================================
Received Import Request.
  Time since last request: 105.529745 seconds.
  path: Assets/SoundFX.mixer
  artifactKey: Guid(6a7179d679320fe4b9c8acd656b4a4b8) Importer(815301076,1909f56bfc062723c751e8b465ee728b)
Start importing Assets/SoundFX.mixer using Guid(6a7179d679320fe4b9c8acd656b4a4b8) Importer(815301076,1909f56bfc062723c751e8b465ee728b)  -> (artifact id: '5339876bc8e5ab5921780baa551730e3') in 0.057121 seconds 
========================================================================
Received Import Request.
  Time since last request: 16.584543 seconds.
  path: Assets/SoundFX.mixer
  artifactKey: Guid(6a7179d679320fe4b9c8acd656b4a4b8) Importer(815301076,1909f56bfc062723c751e8b465ee728b)
Start importing Assets/SoundFX.mixer using Guid(6a7179d679320fe4b9c8acd656b4a4b8) Importer(815301076,1909f56bfc062723c751e8b465ee728b)  -> (artifact id: '1e725ebca7ed695099f6dccd015ca365') in 0.008500 seconds 
========================================================================
Received Import Request.
  Time since last request: 5.083232 seconds.
  path: Assets/SoundFX.mixer
  artifactKey: Guid(6a7179d679320fe4b9c8acd656b4a4b8) Importer(815301076,1909f56bfc062723c751e8b465ee728b)
Start importing Assets/SoundFX.mixer using Guid(6a7179d679320fe4b9c8acd656b4a4b8) Importer(815301076,1909f56bfc062723c751e8b465ee728b)  -> (artifact id: '42576f42bef848b0061b6808e0b5becc') in 0.017361 seconds 
========================================================================
Received Import Request.
  Time since last request: 4.746585 seconds.
  path: Assets/SoundFX.mixer
  artifactKey: Guid(6a7179d679320fe4b9c8acd656b4a4b8) Importer(815301076,1909f56bfc062723c751e8b465ee728b)
Start importing Assets/SoundFX.mixer using Guid(6a7179d679320fe4b9c8acd656b4a4b8) Importer(815301076,1909f56bfc062723c751e8b465ee728b)  -> (artifact id: 'a0bb4a52741fdaa493ec67f9861cd9ce') in 0.009738 seconds 
========================================================================
Received Import Request.
  Time since last request: 3.914508 seconds.
  path: Assets/SoundFX.mixer
  artifactKey: Guid(6a7179d679320fe4b9c8acd656b4a4b8) Importer(815301076,1909f56bfc062723c751e8b465ee728b)
Start importing Assets/SoundFX.mixer using Guid(6a7179d679320fe4b9c8acd656b4a4b8) Importer(815301076,1909f56bfc062723c751e8b465ee728b)  -> (artifact id: '6d661663527e4bd250fd8e8076fb6c7f') in 0.008297 seconds 
========================================================================
Received Import Request.
  Time since last request: 2.300899 seconds.
  path: Assets/SoundFX.mixer
  artifactKey: Guid(6a7179d679320fe4b9c8acd656b4a4b8) Importer(815301076,1909f56bfc062723c751e8b465ee728b)
Start importing Assets/SoundFX.mixer using Guid(6a7179d679320fe4b9c8acd656b4a4b8) Importer(815301076,1909f56bfc062723c751e8b465ee728b)  -> (artifact id: '1742add6a515bc67b217aa0e801aab4d') in 0.026839 seconds 
========================================================================
Received Prepare
Registering precompiled user dll's ...
Registered in 0.004600 seconds.
Begin MonoManager ReloadAssembly
Native extension for WindowsStandalone target not found
Native extension for WebGL target not found
Refreshing native plugins compatible for Editor in 0.94 ms, found 2 plugins.
Preloading 0 native plugins for Editor in 0.00 ms.
Mono: successfully reloaded assembly
- Completed reload, in  2.070 seconds
Platform modules already initialized, skipping
Refreshing native plugins compatible for Editor in 0.88 ms, found 2 plugins.
Preloading 0 native plugins for Editor in 0.00 ms.
Unloading 4237 Unused Serialized files (Serialized files now loaded: 0)
System memory in use before: 169.2 MB.
System memory in use after: 169.5 MB.

Unloading 14 unused Assets to reduce memory usage. Loaded Objects now: 4754.
Total: 4.793900 ms (FindLiveObjects: 0.519700 ms CreateObjectMapping: 0.425800 ms MarkObjects: 3.819800 ms  DeleteObjects: 0.026800 ms)

========================================================================
Received Import Request.
  Time since last request: 873.983322 seconds.
  path: Assets/Code/Singleton.cs
  artifactKey: Guid(69edbf876e91efb4993dc8095761b397) Importer(815301076,1909f56bfc062723c751e8b465ee728b)
Start importing Assets/Code/Singleton.cs using Guid(69edbf876e91efb4993dc8095761b397) Importer(815301076,1909f56bfc062723c751e8b465ee728b)  -> (artifact id: '0644c4cca026f3edba58a5c681c10bfa') in 0.023124 seconds 
========================================================================
Received Prepare
Registering precompiled user dll's ...
Registered in 0.006476 seconds.
Begin MonoManager ReloadAssembly
Native extension for WindowsStandalone target not found
Native extension for WebGL target not found
Refreshing native plugins compatible for Editor in 0.96 ms, found 2 plugins.
Preloading 0 native plugins for Editor in 0.00 ms.
Mono: successfully reloaded assembly
- Completed reload, in  2.466 seconds
Platform modules already initialized, skipping
Refreshing native plugins compatible for Editor in 0.87 ms, found 2 plugins.
Preloading 0 native plugins for Editor in 0.00 ms.
Unloading 4236 Unused Serialized files (Serialized files now loaded: 0)
System memory in use before: 169.2 MB.
System memory in use after: 169.5 MB.

Unloading 15 unused Assets to reduce memory usage. Loaded Objects now: 4757.
Total: 5.168100 ms (FindLiveObjects: 0.602700 ms CreateObjectMapping: 0.605700 ms MarkObjects: 3.925500 ms  DeleteObjects: 0.032300 ms)

========================================================================
Received Import Request.
  Time since last request: 92.317931 seconds.
  path: Assets/Code/DontDestroy.cs
  artifactKey: Guid(3cf2bfc07986d8143a72197659a65a70) Importer(815301076,1909f56bfc062723c751e8b465ee728b)
Start importing Assets/Code/DontDestroy.cs using Guid(3cf2bfc07986d8143a72197659a65a70) Importer(815301076,1909f56bfc062723c751e8b465ee728b)  -> (artifact id: '4ea8ee217603c45d690aacd7b38f3f4b') in 0.031315 seconds 
========================================================================
Received Prepare
Registering precompiled user dll's ...
Registered in 0.008947 seconds.
Begin MonoManager ReloadAssembly
Native extension for WindowsStandalone target not found
Native extension for WebGL target not found
Refreshing native plugins compatible for Editor in 0.88 ms, found 2 plugins.
Preloading 0 native plugins for Editor in 0.00 ms.
Mono: successfully reloaded assembly
- Completed reload, in  1.816 seconds
Platform modules already initialized, skipping
Refreshing native plugins compatible for Editor in 0.89 ms, found 2 plugins.
Preloading 0 native plugins for Editor in 0.00 ms.
Unloading 4237 Unused Serialized files (Serialized files now loaded: 0)
System memory in use before: 169.3 MB.
System memory in use after: 169.5 MB.

Unloading 14 unused Assets to reduce memory usage. Loaded Objects now: 4762.
Total: 4.232300 ms (FindLiveObjects: 0.435400 ms CreateObjectMapping: 0.321600 ms MarkObjects: 3.437900 ms  DeleteObjects: 0.034800 ms)

========================================================================
Received Prepare
Registering precompiled user dll's ...
Registered in 0.006750 seconds.
Begin MonoManager ReloadAssembly
Native extension for WindowsStandalone target not found
Native extension for WebGL target not found
Refreshing native plugins compatible for Editor in 0.97 ms, found 2 plugins.
Preloading 0 native plugins for Editor in 0.00 ms.
Mono: successfully reloaded assembly
- Completed reload, in  1.827 seconds
Platform modules already initialized, skipping
Refreshing native plugins compatible for Editor in 0.95 ms, found 2 plugins.
Preloading 0 native plugins for Editor in 0.00 ms.
Unloading 4237 Unused Serialized files (Serialized files now loaded: 0)
System memory in use before: 169.3 MB.
System memory in use after: 169.5 MB.

Unloading 14 unused Assets to reduce memory usage. Loaded Objects now: 4766.
Total: 4.946500 ms (FindLiveObjects: 0.511900 ms CreateObjectMapping: 0.475100 ms MarkObjects: 3.929200 ms  DeleteObjects: 0.028900 ms)

========================================================================
Received Import Request.
  Time since last request: 43.330998 seconds.
  path: Assets/Code/DontDestroy.cs
  artifactKey: Guid(3cf2bfc07986d8143a72197659a65a70) Importer(815301076,1909f56bfc062723c751e8b465ee728b)
Start importing Assets/Code/DontDestroy.cs using Guid(3cf2bfc07986d8143a72197659a65a70) Importer(815301076,1909f56bfc062723c751e8b465ee728b)  -> (artifact id: '2f3dacbd23c51b65f14870f419527d4d') in 0.011995 seconds 
========================================================================
Received Prepare
Registering precompiled user dll's ...
Registered in 0.015841 seconds.
Begin MonoManager ReloadAssembly
Native extension for WindowsStandalone target not found
Native extension for WebGL target not found
Refreshing native plugins compatible for Editor in 1.48 ms, found 2 plugins.
Preloading 0 native plugins for Editor in 0.00 ms.
Mono: successfully reloaded assembly
- Completed reload, in  5.565 seconds
Platform modules already initialized, skipping
Refreshing native plugins compatible for Editor in 0.84 ms, found 2 plugins.
Preloading 0 native plugins for Editor in 0.00 ms.
Unloading 4237 Unused Serialized files (Serialized files now loaded: 0)
System memory in use before: 169.3 MB.
System memory in use after: 169.5 MB.

Unloading 14 unused Assets to reduce memory usage. Loaded Objects now: 4770.
Total: 6.165900 ms (FindLiveObjects: 0.669900 ms CreateObjectMapping: 0.603200 ms MarkObjects: 4.865200 ms  DeleteObjects: 0.025100 ms)

========================================================================
Received Prepare
Registering precompiled user dll's ...
Registered in 0.005938 seconds.
Begin MonoManager ReloadAssembly
Native extension for WindowsStandalone target not found
Native extension for WebGL target not found
Refreshing native plugins compatible for Editor in 1.89 ms, found 2 plugins.
Preloading 0 native plugins for Editor in 0.00 ms.
Mono: successfully reloaded assembly
- Completed reload, in  2.267 seconds
Platform modules already initialized, skipping
Refreshing native plugins compatible for Editor in 1.26 ms, found 2 plugins.
Preloading 0 native plugins for Editor in 0.00 ms.
Unloading 4237 Unused Serialized files (Serialized files now loaded: 0)
System memory in use before: 169.3 MB.
System memory in use after: 169.5 MB.

Unloading 14 unused Assets to reduce memory usage. Loaded Objects now: 4774.
Total: 4.819600 ms (FindLiveObjects: 0.569000 ms CreateObjectMapping: 0.527000 ms MarkObjects: 3.691000 ms  DeleteObjects: 0.030400 ms)

