Using pre-set license
Built from '2021.1/staging' branch; Version is '2021.1.0b8 (4a0a5fc962a9) revision 4852319'; Using compiler version '192528614'; Build Type 'Release'
OS: 'Windows 10 Pro; OS build 19042.867; Version 2009; 64bit' Language: 'es' Physical Memory: 7984 MB
BatchMode: 1, IsHumanControllingUs: 0, StartBugReporterOnCrash: 0, Is64bit: 1, IsPro: 0

 COMMAND LINE ARGUMENTS:
C:\Program Files\Unity\Hub\Editor\2021.1.0b8\Editor\Unity.exe
-adb2
-batchMode
-noUpm
-name
AssetImportWorker0
-projectPath
C:/Users/Sebastian/Documents/UnityProjects/NGIOF
-logFile
Logs/AssetImportWorker0.log
-srvPort
61583
Successfully changed project path to: C:/Users/Sebastian/Documents/UnityProjects/NGIOF
C:/Users/Sebastian/Documents/UnityProjects/NGIOF
Using Asset Import Pipeline V2.
Refreshing native plugins compatible for Editor in 136.66 ms, found 2 plugins.
Preloading 0 native plugins for Editor in 0.00 ms.
Initialize engine version: 2021.1.0b8 (4a0a5fc962a9)
[Subsystems] Discovering subsystems at path C:/Program Files/Unity/Hub/Editor/2021.1.0b8/Editor/Data/Resources/UnitySubsystems
[Subsystems] Discovering subsystems at path C:/Users/Sebastian/Documents/UnityProjects/NGIOF/Assets
GfxDevice: creating device client; threaded=0; jobified=0
Direct3D:
    Version:  Direct3D 11.0 [level 11.1]
    Renderer: Intel(R) HD Graphics 620 (ID=0x5916)
    Vendor:   Intel
    VRAM:     3992 MB
    Driver:   23.20.16.4973
Initialize mono
Mono path[0] = 'C:/Program Files/Unity/Hub/Editor/2021.1.0b8/Editor/Data/Managed'
Mono path[1] = 'C:/Program Files/Unity/Hub/Editor/2021.1.0b8/Editor/Data/MonoBleedingEdge/lib/mono/unityjit'
Mono config path = 'C:/Program Files/Unity/Hub/Editor/2021.1.0b8/Editor/Data/MonoBleedingEdge/etc'
Using monoOptions --debugger-agent=transport=dt_socket,embedding=1,server=y,suspend=n,address=127.0.0.1:56884
Begin MonoManager ReloadAssembly
Registering precompiled unity dll's ...
Register platform support module: C:/Program Files/Unity/Hub/Editor/2021.1.0b8/Editor/Data/PlaybackEngines/WebGLSupport/UnityEditor.WebGL.Extensions.dll
Register platform support module: C:/Program Files/Unity/Hub/Editor/2021.1.0b8/Editor/Data/PlaybackEngines/WindowsStandaloneSupport/UnityEditor.WindowsStandalone.Extensions.dll
Registered in 0.002753 seconds.
Native extension for WindowsStandalone target not found
Native extension for WebGL target not found
Refreshing native plugins compatible for Editor in 161.61 ms, found 2 plugins.
Preloading 0 native plugins for Editor in 0.00 ms.
Mono: successfully reloaded assembly
- Completed reload, in  1.908 seconds
Platform modules already initialized, skipping
Registering precompiled user dll's ...
Registered in 0.004975 seconds.
Begin MonoManager ReloadAssembly
Native extension for WindowsStandalone target not found
Native extension for WebGL target not found
Refreshing native plugins compatible for Editor in 151.81 ms, found 2 plugins.
Preloading 0 native plugins for Editor in 0.00 ms.
Mono: successfully reloaded assembly
- Completed reload, in  1.888 seconds
Platform modules already initialized, skipping
========================================================================
Worker process is ready to serve import requests
Launched and connected shader compiler UnityShaderCompiler.exe after 0.06 seconds
Refreshing native plugins compatible for Editor in 1.20 ms, found 2 plugins.
Preloading 0 native plugins for Editor in 0.00 ms.
Unloading 4259 Unused Serialized files (Serialized files now loaded: 0)
System memory in use before: 157.8 MB.
System memory in use after: 158.0 MB.

Unloading 28 unused Assets to reduce memory usage. Loaded Objects now: 4718.
Total: 5.555000 ms (FindLiveObjects: 0.639500 ms CreateObjectMapping: 0.690900 ms MarkObjects: 4.138700 ms  DeleteObjects: 0.083900 ms)

========================================================================
Received Import Request.
  path: Assets/Scriptables
  artifactKey: Guid(4bb46df2a9584454fb1da4507f16971b) Importer(815301076,1909f56bfc062723c751e8b465ee728b)
Start importing Assets/Scriptables using Guid(4bb46df2a9584454fb1da4507f16971b) Importer(815301076,1909f56bfc062723c751e8b465ee728b)  -> (artifact id: 'aea8df0f45503f08abda351bec4191dd') in 0.008773 seconds 
========================================================================
Received Import Request.
  Time since last request: 1.824404 seconds.
  path: Assets/Sprites/Tree leaf.png
  artifactKey: Guid(17e9f23ce932296458b69713dc47a2f4) Importer(815301076,1909f56bfc062723c751e8b465ee728b)
Start importing Assets/Sprites/Tree leaf.png using Guid(17e9f23ce932296458b69713dc47a2f4) Importer(815301076,1909f56bfc062723c751e8b465ee728b)  -> (artifact id: '065bb75f2930ee67cf61b49f1be5fc8e') in 0.204388 seconds 
========================================================================
Received Import Request.
  Time since last request: 6.569705 seconds.
  path: Assets/Sprites/Tree leaf.png
  artifactKey: Guid(17e9f23ce932296458b69713dc47a2f4) Importer(815301076,1909f56bfc062723c751e8b465ee728b)
Start importing Assets/Sprites/Tree leaf.png using Guid(17e9f23ce932296458b69713dc47a2f4) Importer(815301076,1909f56bfc062723c751e8b465ee728b)  -> (artifact id: '378d65a0eaa5cf5b7551385ea1f1891c') in 0.016520 seconds 
========================================================================
Received Import Request.
  Time since last request: 57.387666 seconds.
  path: Assets/Sprites/Tree leaf.png
  artifactKey: Guid(17e9f23ce932296458b69713dc47a2f4) Importer(815301076,1909f56bfc062723c751e8b465ee728b)
Start importing Assets/Sprites/Tree leaf.png using Guid(17e9f23ce932296458b69713dc47a2f4) Importer(815301076,1909f56bfc062723c751e8b465ee728b)  -> (artifact id: '493bf69b93a593d6d427911ebfe5e39a') in 0.045318 seconds 
========================================================================
Received Prepare
Registering precompiled user dll's ...
Registered in 0.008670 seconds.
Begin MonoManager ReloadAssembly
Native extension for WindowsStandalone target not found
Native extension for WebGL target not found
Refreshing native plugins compatible for Editor in 0.86 ms, found 2 plugins.
Preloading 0 native plugins for Editor in 0.00 ms.
Mono: successfully reloaded assembly
- Completed reload, in  1.789 seconds
Platform modules already initialized, skipping
Refreshing native plugins compatible for Editor in 0.88 ms, found 2 plugins.
Preloading 0 native plugins for Editor in 0.00 ms.
Unloading 4235 Unused Serialized files (Serialized files now loaded: 0)
System memory in use before: 162.6 MB.
System memory in use after: 162.9 MB.

Unloading 14 unused Assets to reduce memory usage. Loaded Objects now: 4781.
Total: 4.340100 ms (FindLiveObjects: 0.319200 ms CreateObjectMapping: 0.313400 ms MarkObjects: 3.661100 ms  DeleteObjects: 0.043300 ms)

========================================================================
Received Import Request.
  Time since last request: 260.996218 seconds.
  path: Assets/Prefabs/Props/Tree 3.prefab
  artifactKey: Guid(4fa4a557480d3ae459dbe989b7f8367b) Importer(815301076,1909f56bfc062723c751e8b465ee728b)
Start importing Assets/Prefabs/Props/Tree 3.prefab using Guid(4fa4a557480d3ae459dbe989b7f8367b) Importer(815301076,1909f56bfc062723c751e8b465ee728b)  -> (artifact id: 'c8b92dc70dc90ed4475a3d99dd045ecc') in 0.080487 seconds 
========================================================================
Received Import Request.
  Time since last request: 0.000447 seconds.
  path: Assets/Prefabs/Props/Tree.prefab
  artifactKey: Guid(a2324f8346cb5ca4f917bd86ea6faada) Importer(815301076,1909f56bfc062723c751e8b465ee728b)
Start importing Assets/Prefabs/Props/Tree.prefab using Guid(a2324f8346cb5ca4f917bd86ea6faada) Importer(815301076,1909f56bfc062723c751e8b465ee728b)  -> (artifact id: '07f3d64e4a1e36a27ef3b664ff3a393a') in 0.027374 seconds 
========================================================================
Received Import Request.
  Time since last request: 0.000430 seconds.
  path: Assets/Prefabs/Props/Tree 2.prefab
  artifactKey: Guid(ca383e7d0b0f46f4bb1a8cc78450f985) Importer(815301076,1909f56bfc062723c751e8b465ee728b)
Start importing Assets/Prefabs/Props/Tree 2.prefab using Guid(ca383e7d0b0f46f4bb1a8cc78450f985) Importer(815301076,1909f56bfc062723c751e8b465ee728b)  -> (artifact id: 'e843522c37ffc6ef87afe40b3ffe0d37') in 0.023473 seconds 
========================================================================
Received Prepare
Registering precompiled user dll's ...
Registered in 0.005023 seconds.
Begin MonoManager ReloadAssembly
Native extension for WindowsStandalone target not found
Native extension for WebGL target not found
Refreshing native plugins compatible for Editor in 0.87 ms, found 2 plugins.
Preloading 0 native plugins for Editor in 0.00 ms.
Mono: successfully reloaded assembly
- Completed reload, in  1.637 seconds
Platform modules already initialized, skipping
Refreshing native plugins compatible for Editor in 0.83 ms, found 2 plugins.
Preloading 0 native plugins for Editor in 0.00 ms.
Unloading 4234 Unused Serialized files (Serialized files now loaded: 0)
System memory in use before: 162.7 MB.
System memory in use after: 162.9 MB.

Unloading 14 unused Assets to reduce memory usage. Loaded Objects now: 4790.
Total: 4.017600 ms (FindLiveObjects: 0.318800 ms CreateObjectMapping: 0.288200 ms MarkObjects: 3.379900 ms  DeleteObjects: 0.028800 ms)

AssetImportWorkerClient::OnTransportError - code=2 error=End of file
