Using pre-set license
Built from '2021.1/staging' branch; Version is '2021.1.0b8 (4a0a5fc962a9) revision 4852319'; Using compiler version '192528614'; Build Type 'Release'
OS: 'Windows 10 Pro; OS build 19042.867; Version 2009; 64bit' Language: 'es' Physical Memory: 7984 MB
BatchMode: 1, IsHumanControllingUs: 0, StartBugReporterOnCrash: 0, Is64bit: 1, IsPro: 0

 COMMAND LINE ARGUMENTS:
C:\Program Files\Unity\Hub\Editor\2021.1.0b8\Editor\Unity.exe
-adb2
-batchMode
-noUpm
-name
AssetImportWorker0
-projectPath
C:/Users/Sebastian/Documents/UnityProjects/NGIOF
-logFile
Logs/AssetImportWorker0.log
-srvPort
62205
Successfully changed project path to: C:/Users/Sebastian/Documents/UnityProjects/NGIOF
C:/Users/Sebastian/Documents/UnityProjects/NGIOF
Using Asset Import Pipeline V2.
Refreshing native plugins compatible for Editor in 302.28 ms, found 2 plugins.
Preloading 0 native plugins for Editor in 0.00 ms.
Initialize engine version: 2021.1.0b8 (4a0a5fc962a9)
[Subsystems] Discovering subsystems at path C:/Program Files/Unity/Hub/Editor/2021.1.0b8/Editor/Data/Resources/UnitySubsystems
[Subsystems] Discovering subsystems at path C:/Users/Sebastian/Documents/UnityProjects/NGIOF/Assets
GfxDevice: creating device client; threaded=0; jobified=0
Direct3D:
    Version:  Direct3D 11.0 [level 11.1]
    Renderer: Intel(R) HD Graphics 620 (ID=0x5916)
    Vendor:   Intel
    VRAM:     3992 MB
    Driver:   23.20.16.4973
Initialize mono
Mono path[0] = 'C:/Program Files/Unity/Hub/Editor/2021.1.0b8/Editor/Data/Managed'
Mono path[1] = 'C:/Program Files/Unity/Hub/Editor/2021.1.0b8/Editor/Data/MonoBleedingEdge/lib/mono/unityjit'
Mono config path = 'C:/Program Files/Unity/Hub/Editor/2021.1.0b8/Editor/Data/MonoBleedingEdge/etc'
Using monoOptions --debugger-agent=transport=dt_socket,embedding=1,server=y,suspend=n,address=127.0.0.1:56808
Begin MonoManager ReloadAssembly
Registering precompiled unity dll's ...
Register platform support module: C:/Program Files/Unity/Hub/Editor/2021.1.0b8/Editor/Data/PlaybackEngines/WebGLSupport/UnityEditor.WebGL.Extensions.dll
Register platform support module: C:/Program Files/Unity/Hub/Editor/2021.1.0b8/Editor/Data/PlaybackEngines/WindowsStandaloneSupport/UnityEditor.WindowsStandalone.Extensions.dll
Registered in 0.004483 seconds.
Native extension for WindowsStandalone target not found
Native extension for WebGL target not found
Refreshing native plugins compatible for Editor in 256.89 ms, found 2 plugins.
Preloading 0 native plugins for Editor in 0.00 ms.
Mono: successfully reloaded assembly
- Completed reload, in  3.522 seconds
Platform modules already initialized, skipping
Registering precompiled user dll's ...
Registered in 0.007676 seconds.
Begin MonoManager ReloadAssembly
Native extension for WindowsStandalone target not found
Native extension for WebGL target not found
Refreshing native plugins compatible for Editor in 149.12 ms, found 2 plugins.
Preloading 0 native plugins for Editor in 0.00 ms.
Mono: successfully reloaded assembly
- Completed reload, in  2.065 seconds
Platform modules already initialized, skipping
========================================================================
Worker process is ready to serve import requests
Launched and connected shader compiler UnityShaderCompiler.exe after 0.07 seconds
Refreshing native plugins compatible for Editor in 0.84 ms, found 2 plugins.
Preloading 0 native plugins for Editor in 0.00 ms.
Unloading 4259 Unused Serialized files (Serialized files now loaded: 0)
System memory in use before: 157.9 MB.
System memory in use after: 158.1 MB.

Unloading 28 unused Assets to reduce memory usage. Loaded Objects now: 4718.
Total: 4.985800 ms (FindLiveObjects: 0.983600 ms CreateObjectMapping: 0.497400 ms MarkObjects: 3.425600 ms  DeleteObjects: 0.077600 ms)

========================================================================
Received Import Request.
  path: Assets/Prefabs/Characters/Peterson.prefab
  artifactKey: Guid(db929a2c90d50024aaa69fd4da518b56) Importer(815301076,1909f56bfc062723c751e8b465ee728b)
Start importing Assets/Prefabs/Characters/Peterson.prefab using Guid(db929a2c90d50024aaa69fd4da518b56) Importer(815301076,1909f56bfc062723c751e8b465ee728b)  -> (artifact id: 'aabab4492433aea9209ab9bc4a380771') in 0.184507 seconds 
========================================================================
Received Import Request.
  Time since last request: 13.866813 seconds.
  path: Assets/Prefabs/Characters/Peterson.prefab
  artifactKey: Guid(db929a2c90d50024aaa69fd4da518b56) Importer(815301076,1909f56bfc062723c751e8b465ee728b)
Start importing Assets/Prefabs/Characters/Peterson.prefab using Guid(db929a2c90d50024aaa69fd4da518b56) Importer(815301076,1909f56bfc062723c751e8b465ee728b)  -> (artifact id: '4be1bc5664024a29ec2ac2a36b3d8527') in 0.050864 seconds 
========================================================================
Received Import Request.
  Time since last request: 304.051333 seconds.
  path: Assets/Code/Weapons/TwoHands.cs
  artifactKey: Guid(17577d142a5056141bb5e29c505d63dd) Importer(815301076,1909f56bfc062723c751e8b465ee728b)
Start importing Assets/Code/Weapons/TwoHands.cs using Guid(17577d142a5056141bb5e29c505d63dd) Importer(815301076,1909f56bfc062723c751e8b465ee728b)  -> (artifact id: '6dbe747fff4aa371799fe5cc0613a857') in 0.040056 seconds 
========================================================================
Received Prepare
Registering precompiled user dll's ...
Registered in 0.006713 seconds.
Begin MonoManager ReloadAssembly
Native extension for WindowsStandalone target not found
Native extension for WebGL target not found
Refreshing native plugins compatible for Editor in 0.92 ms, found 2 plugins.
Preloading 0 native plugins for Editor in 0.00 ms.
Mono: successfully reloaded assembly
- Completed reload, in  1.682 seconds
Platform modules already initialized, skipping
Refreshing native plugins compatible for Editor in 1.00 ms, found 2 plugins.
Preloading 0 native plugins for Editor in 0.00 ms.
Unloading 4235 Unused Serialized files (Serialized files now loaded: 0)
System memory in use before: 161.5 MB.
System memory in use after: 161.8 MB.

Unloading 14 unused Assets to reduce memory usage. Loaded Objects now: 4730.
Total: 5.691700 ms (FindLiveObjects: 0.907900 ms CreateObjectMapping: 0.546300 ms MarkObjects: 4.206700 ms  DeleteObjects: 0.028300 ms)

========================================================================
Received Import Request.
  Time since last request: 18.716892 seconds.
  path: Assets/Code/Weapons/OneHand.cs
  artifactKey: Guid(2e22c547543f0b84ca9212a9cadd69c9) Importer(815301076,1909f56bfc062723c751e8b465ee728b)
Start importing Assets/Code/Weapons/OneHand.cs using Guid(2e22c547543f0b84ca9212a9cadd69c9) Importer(815301076,1909f56bfc062723c751e8b465ee728b)  -> (artifact id: '674f2bd7906f214590755794380f3c3a') in 0.050565 seconds 
========================================================================
Received Prepare
Registering precompiled user dll's ...
Registered in 0.004500 seconds.
Begin MonoManager ReloadAssembly
Native extension for WindowsStandalone target not found
Native extension for WebGL target not found
Refreshing native plugins compatible for Editor in 0.87 ms, found 2 plugins.
Preloading 0 native plugins for Editor in 0.00 ms.
Mono: successfully reloaded assembly
- Completed reload, in  1.792 seconds
Platform modules already initialized, skipping
Refreshing native plugins compatible for Editor in 0.93 ms, found 2 plugins.
Preloading 0 native plugins for Editor in 0.00 ms.
Unloading 4236 Unused Serialized files (Serialized files now loaded: 0)
System memory in use before: 161.6 MB.
System memory in use after: 161.8 MB.

Unloading 14 unused Assets to reduce memory usage. Loaded Objects now: 4735.
Total: 4.102300 ms (FindLiveObjects: 0.440100 ms CreateObjectMapping: 0.368200 ms MarkObjects: 3.262500 ms  DeleteObjects: 0.029800 ms)

========================================================================
Received Prepare
Registering precompiled user dll's ...
Registered in 0.004092 seconds.
Begin MonoManager ReloadAssembly
Native extension for WindowsStandalone target not found
Native extension for WebGL target not found
Refreshing native plugins compatible for Editor in 0.93 ms, found 2 plugins.
Preloading 0 native plugins for Editor in 0.00 ms.
Mono: successfully reloaded assembly
- Completed reload, in  1.709 seconds
Platform modules already initialized, skipping
Refreshing native plugins compatible for Editor in 0.97 ms, found 2 plugins.
Preloading 0 native plugins for Editor in 0.00 ms.
Unloading 4236 Unused Serialized files (Serialized files now loaded: 0)
System memory in use before: 161.6 MB.
System memory in use after: 161.9 MB.

Unloading 14 unused Assets to reduce memory usage. Loaded Objects now: 4739.
Total: 4.712500 ms (FindLiveObjects: 0.488000 ms CreateObjectMapping: 0.509700 ms MarkObjects: 3.678700 ms  DeleteObjects: 0.034500 ms)

========================================================================
Received Import Request.
  Time since last request: 450.702891 seconds.
  path: Assets/Code/Weapons/OneHand.cs
  artifactKey: Guid(2e22c547543f0b84ca9212a9cadd69c9) Importer(815301076,1909f56bfc062723c751e8b465ee728b)
Start importing Assets/Code/Weapons/OneHand.cs using Guid(2e22c547543f0b84ca9212a9cadd69c9) Importer(815301076,1909f56bfc062723c751e8b465ee728b)  -> (artifact id: '6156bb2aa5e55d329b102c75e370ca0c') in 0.010167 seconds 
========================================================================
Received Prepare
Registering precompiled user dll's ...
Registered in 0.006510 seconds.
Begin MonoManager ReloadAssembly
Native extension for WindowsStandalone target not found
Native extension for WebGL target not found
Refreshing native plugins compatible for Editor in 1.68 ms, found 2 plugins.
Preloading 0 native plugins for Editor in 0.00 ms.
Mono: successfully reloaded assembly
- Completed reload, in  1.715 seconds
Platform modules already initialized, skipping
Refreshing native plugins compatible for Editor in 0.89 ms, found 2 plugins.
Preloading 0 native plugins for Editor in 0.00 ms.
Unloading 4236 Unused Serialized files (Serialized files now loaded: 0)
System memory in use before: 161.7 MB.
System memory in use after: 161.9 MB.

Unloading 14 unused Assets to reduce memory usage. Loaded Objects now: 4743.
Total: 5.303500 ms (FindLiveObjects: 0.884600 ms CreateObjectMapping: 0.552600 ms MarkObjects: 3.834400 ms  DeleteObjects: 0.029300 ms)

========================================================================
Received Prepare
Registering precompiled user dll's ...
Registered in 0.004395 seconds.
Begin MonoManager ReloadAssembly
Native extension for WindowsStandalone target not found
Native extension for WebGL target not found
Refreshing native plugins compatible for Editor in 0.95 ms, found 2 plugins.
Preloading 0 native plugins for Editor in 0.00 ms.
Mono: successfully reloaded assembly
- Completed reload, in  1.733 seconds
Platform modules already initialized, skipping
Refreshing native plugins compatible for Editor in 0.94 ms, found 2 plugins.
Preloading 0 native plugins for Editor in 0.00 ms.
Unloading 4234 Unused Serialized files (Serialized files now loaded: 0)
System memory in use before: 161.6 MB.
System memory in use after: 161.9 MB.

Unloading 16 unused Assets to reduce memory usage. Loaded Objects now: 4745.
Total: 4.971200 ms (FindLiveObjects: 0.755800 ms CreateObjectMapping: 0.554600 ms MarkObjects: 3.627600 ms  DeleteObjects: 0.031300 ms)

========================================================================
Received Prepare
Registering precompiled user dll's ...
Registered in 0.005636 seconds.
Begin MonoManager ReloadAssembly
Native extension for WindowsStandalone target not found
Native extension for WebGL target not found
Refreshing native plugins compatible for Editor in 0.96 ms, found 2 plugins.
Preloading 0 native plugins for Editor in 0.00 ms.
Mono: successfully reloaded assembly
- Completed reload, in  1.855 seconds
Platform modules already initialized, skipping
Refreshing native plugins compatible for Editor in 0.91 ms, found 2 plugins.
Preloading 0 native plugins for Editor in 0.00 ms.
Unloading 4234 Unused Serialized files (Serialized files now loaded: 0)
System memory in use before: 161.7 MB.
System memory in use after: 161.9 MB.

Unloading 14 unused Assets to reduce memory usage. Loaded Objects now: 4749.
Total: 4.223900 ms (FindLiveObjects: 0.498000 ms CreateObjectMapping: 0.345300 ms MarkObjects: 3.347000 ms  DeleteObjects: 0.031700 ms)

========================================================================
Received Prepare
Registering precompiled user dll's ...
Registered in 0.004312 seconds.
Begin MonoManager ReloadAssembly
Native extension for WindowsStandalone target not found
Native extension for WebGL target not found
Refreshing native plugins compatible for Editor in 1.42 ms, found 2 plugins.
Preloading 0 native plugins for Editor in 0.00 ms.
Mono: successfully reloaded assembly
- Completed reload, in  1.696 seconds
Platform modules already initialized, skipping
Refreshing native plugins compatible for Editor in 0.90 ms, found 2 plugins.
Preloading 0 native plugins for Editor in 0.00 ms.
Unloading 4234 Unused Serialized files (Serialized files now loaded: 0)
System memory in use before: 161.7 MB.
System memory in use after: 161.9 MB.

Unloading 14 unused Assets to reduce memory usage. Loaded Objects now: 4753.
Total: 4.147500 ms (FindLiveObjects: 0.455700 ms CreateObjectMapping: 0.399900 ms MarkObjects: 3.263300 ms  DeleteObjects: 0.026600 ms)

========================================================================
Received Prepare
Registering precompiled user dll's ...
Registered in 0.005111 seconds.
Begin MonoManager ReloadAssembly
Native extension for WindowsStandalone target not found
Native extension for WebGL target not found
Refreshing native plugins compatible for Editor in 1.39 ms, found 2 plugins.
Preloading 0 native plugins for Editor in 0.00 ms.
Mono: successfully reloaded assembly
- Completed reload, in  1.654 seconds
Platform modules already initialized, skipping
Refreshing native plugins compatible for Editor in 0.94 ms, found 2 plugins.
Preloading 0 native plugins for Editor in 0.00 ms.
Unloading 4234 Unused Serialized files (Serialized files now loaded: 0)
System memory in use before: 161.7 MB.
System memory in use after: 161.9 MB.

Unloading 14 unused Assets to reduce memory usage. Loaded Objects now: 4757.
Total: 5.211800 ms (FindLiveObjects: 0.794100 ms CreateObjectMapping: 0.605000 ms MarkObjects: 3.782600 ms  DeleteObjects: 0.027800 ms)

========================================================================
Received Prepare
Registering precompiled user dll's ...
Registered in 0.008664 seconds.
Begin MonoManager ReloadAssembly
Native extension for WindowsStandalone target not found
Native extension for WebGL target not found
Refreshing native plugins compatible for Editor in 1.04 ms, found 2 plugins.
Preloading 0 native plugins for Editor in 0.00 ms.
Mono: successfully reloaded assembly
- Completed reload, in  1.500 seconds
Platform modules already initialized, skipping
Refreshing native plugins compatible for Editor in 1.30 ms, found 2 plugins.
Preloading 0 native plugins for Editor in 0.00 ms.
Unloading 4234 Unused Serialized files (Serialized files now loaded: 0)
System memory in use before: 161.7 MB.
System memory in use after: 161.9 MB.

Unloading 14 unused Assets to reduce memory usage. Loaded Objects now: 4761.
Total: 6.572900 ms (FindLiveObjects: 1.354100 ms CreateObjectMapping: 0.615200 ms MarkObjects: 4.567800 ms  DeleteObjects: 0.033800 ms)

========================================================================
Received Prepare
Registering precompiled user dll's ...
Registered in 0.006266 seconds.
Begin MonoManager ReloadAssembly
Native extension for WindowsStandalone target not found
Native extension for WebGL target not found
Refreshing native plugins compatible for Editor in 1.64 ms, found 2 plugins.
Preloading 0 native plugins for Editor in 0.00 ms.
Mono: successfully reloaded assembly
- Completed reload, in  1.917 seconds
Platform modules already initialized, skipping
Refreshing native plugins compatible for Editor in 3.61 ms, found 2 plugins.
Preloading 0 native plugins for Editor in 0.00 ms.
Unloading 4234 Unused Serialized files (Serialized files now loaded: 0)
System memory in use before: 161.7 MB.
System memory in use after: 162.0 MB.

Unloading 14 unused Assets to reduce memory usage. Loaded Objects now: 4765.
Total: 24.140100 ms (FindLiveObjects: 4.378600 ms CreateObjectMapping: 3.675000 ms MarkObjects: 13.682000 ms  DeleteObjects: 2.401500 ms)

========================================================================
Received Import Request.
  Time since last request: 3321.906339 seconds.
  path: Assets/Sprites/Tomatto plant.png
  artifactKey: Guid(83b72db4a66284a4cb1d43b4a1578ba2) Importer(815301076,1909f56bfc062723c751e8b465ee728b)
Start importing Assets/Sprites/Tomatto plant.png using Guid(83b72db4a66284a4cb1d43b4a1578ba2) Importer(815301076,1909f56bfc062723c751e8b465ee728b)  -> (artifact id: '77ab75eec45af8712faac956806b07bc') in 0.256888 seconds 
========================================================================
Received Import Request.
  Time since last request: 4.411727 seconds.
  path: Assets/Sprites/Tomatto plant.png
  artifactKey: Guid(83b72db4a66284a4cb1d43b4a1578ba2) Importer(815301076,1909f56bfc062723c751e8b465ee728b)
Start importing Assets/Sprites/Tomatto plant.png using Guid(83b72db4a66284a4cb1d43b4a1578ba2) Importer(815301076,1909f56bfc062723c751e8b465ee728b)  -> (artifact id: 'eb1ffc4a6580aedfb226594708220cd8') in 0.031117 seconds 
========================================================================
Received Import Request.
  Time since last request: 3.860659 seconds.
  path: Assets/Sprites/Tomatto plant.png
  artifactKey: Guid(83b72db4a66284a4cb1d43b4a1578ba2) Importer(815301076,1909f56bfc062723c751e8b465ee728b)
Start importing Assets/Sprites/Tomatto plant.png using Guid(83b72db4a66284a4cb1d43b4a1578ba2) Importer(815301076,1909f56bfc062723c751e8b465ee728b)  -> (artifact id: '3bfe098c5d08671bd8718c12281dd463') in 0.060826 seconds 
========================================================================
Received Import Request.
  Time since last request: 335.426688 seconds.
  path: Assets/Code/Props
  artifactKey: Guid(f8ee0c9d57016cc4e9a0f7a686cfa20b) Importer(815301076,1909f56bfc062723c751e8b465ee728b)
Start importing Assets/Code/Props using Guid(f8ee0c9d57016cc4e9a0f7a686cfa20b) Importer(815301076,1909f56bfc062723c751e8b465ee728b)  -> (artifact id: 'ab5bc55edcc5e867c2e629f068cf160f') in 0.017980 seconds 
========================================================================
Received Prepare
Registering precompiled user dll's ...
Registered in 0.011287 seconds.
Begin MonoManager ReloadAssembly
Native extension for WindowsStandalone target not found
Native extension for WebGL target not found
Refreshing native plugins compatible for Editor in 1.55 ms, found 2 plugins.
Preloading 0 native plugins for Editor in 0.00 ms.
Mono: successfully reloaded assembly
- Completed reload, in  2.723 seconds
Platform modules already initialized, skipping
Refreshing native plugins compatible for Editor in 2.60 ms, found 2 plugins.
Preloading 0 native plugins for Editor in 0.00 ms.
Unloading 4236 Unused Serialized files (Serialized files now loaded: 0)
System memory in use before: 163.1 MB.
System memory in use after: 163.3 MB.

Unloading 14 unused Assets to reduce memory usage. Loaded Objects now: 4825.
Total: 7.743200 ms (FindLiveObjects: 0.869500 ms CreateObjectMapping: 0.547500 ms MarkObjects: 5.891100 ms  DeleteObjects: 0.432900 ms)

========================================================================
Received Import Request.
  Time since last request: 29.438803 seconds.
  path: Assets/Code/Props/Plants.cs
  artifactKey: Guid(490ac8c0ad7739144aabcb7d8a85920d) Importer(815301076,1909f56bfc062723c751e8b465ee728b)
Start importing Assets/Code/Props/Plants.cs using Guid(490ac8c0ad7739144aabcb7d8a85920d) Importer(815301076,1909f56bfc062723c751e8b465ee728b)  -> (artifact id: '5848fcb792ac4b4aebd8efc2b0341243') in 0.021170 seconds 
========================================================================
Received Import Request.
  Time since last request: 18.138607 seconds.
  path: Assets/Code/Props/CropPlant.cs
  artifactKey: Guid(27cc750113840f245b3311722b2f4929) Importer(815301076,1909f56bfc062723c751e8b465ee728b)
Start importing Assets/Code/Props/CropPlant.cs using Guid(27cc750113840f245b3311722b2f4929) Importer(815301076,1909f56bfc062723c751e8b465ee728b)  -> (artifact id: 'a581e5c1baaa12312357813d53b0f0ac') in 0.038834 seconds 
========================================================================
Received Prepare
Registering precompiled user dll's ...
Registered in 0.005606 seconds.
Begin MonoManager ReloadAssembly
Native extension for WindowsStandalone target not found
Native extension for WebGL target not found
Refreshing native plugins compatible for Editor in 1.43 ms, found 2 plugins.
Preloading 0 native plugins for Editor in 0.00 ms.
Mono: successfully reloaded assembly
- Completed reload, in  1.739 seconds
Platform modules already initialized, skipping
Refreshing native plugins compatible for Editor in 0.85 ms, found 2 plugins.
Preloading 0 native plugins for Editor in 0.00 ms.
Unloading 4236 Unused Serialized files (Serialized files now loaded: 0)
System memory in use before: 163.1 MB.
System memory in use after: 163.3 MB.

Unloading 14 unused Assets to reduce memory usage. Loaded Objects now: 4830.
Total: 4.846200 ms (FindLiveObjects: 0.639700 ms CreateObjectMapping: 0.539200 ms MarkObjects: 3.438000 ms  DeleteObjects: 0.227000 ms)

========================================================================
Received Prepare
Registering precompiled user dll's ...
Registered in 0.004363 seconds.
Begin MonoManager ReloadAssembly
Native extension for WindowsStandalone target not found
Native extension for WebGL target not found
Refreshing native plugins compatible for Editor in 4.12 ms, found 2 plugins.
Preloading 0 native plugins for Editor in 0.00 ms.
Mono: successfully reloaded assembly
- Completed reload, in  1.949 seconds
Platform modules already initialized, skipping
Refreshing native plugins compatible for Editor in 0.94 ms, found 2 plugins.
Preloading 0 native plugins for Editor in 0.00 ms.
Unloading 4235 Unused Serialized files (Serialized files now loaded: 0)
System memory in use before: 163.1 MB.
System memory in use after: 163.3 MB.

Unloading 15 unused Assets to reduce memory usage. Loaded Objects now: 4833.
Total: 5.840400 ms (FindLiveObjects: 0.652800 ms CreateObjectMapping: 0.478100 ms MarkObjects: 4.464200 ms  DeleteObjects: 0.243600 ms)

========================================================================
Received Import Request.
  Time since last request: 126.063585 seconds.
  path: Assets/Code/Props/TomattoPlant.cs
  artifactKey: Guid(6aa1ace70f184574582f539d5a19263e) Importer(815301076,1909f56bfc062723c751e8b465ee728b)
Start importing Assets/Code/Props/TomattoPlant.cs using Guid(6aa1ace70f184574582f539d5a19263e) Importer(815301076,1909f56bfc062723c751e8b465ee728b)  -> (artifact id: '8bde2af3a24209423935481043d127a2') in 0.034469 seconds 
========================================================================
Received Prepare
Registering precompiled user dll's ...
Registered in 0.004179 seconds.
Begin MonoManager ReloadAssembly
Native extension for WindowsStandalone target not found
Native extension for WebGL target not found
Refreshing native plugins compatible for Editor in 1.41 ms, found 2 plugins.
Preloading 0 native plugins for Editor in 0.00 ms.
Mono: successfully reloaded assembly
- Completed reload, in  1.724 seconds
Platform modules already initialized, skipping
Refreshing native plugins compatible for Editor in 0.88 ms, found 2 plugins.
Preloading 0 native plugins for Editor in 0.00 ms.
Unloading 4236 Unused Serialized files (Serialized files now loaded: 0)
System memory in use before: 163.1 MB.
System memory in use after: 163.4 MB.

Unloading 14 unused Assets to reduce memory usage. Loaded Objects now: 4838.
Total: 5.389800 ms (FindLiveObjects: 0.557100 ms CreateObjectMapping: 0.545900 ms MarkObjects: 3.989200 ms  DeleteObjects: 0.295800 ms)

========================================================================
Received Import Request.
  Time since last request: 276.883630 seconds.
  path: Assets/Scriptables/Characters
  artifactKey: Guid(c68f1b39bbf0e104f9df7343a4c61c43) Importer(815301076,1909f56bfc062723c751e8b465ee728b)
Start importing Assets/Scriptables/Characters using Guid(c68f1b39bbf0e104f9df7343a4c61c43) Importer(815301076,1909f56bfc062723c751e8b465ee728b)  -> (artifact id: '09a128ea997a0689f044c36611163835') in 0.023141 seconds 
========================================================================
Received Prepare
Registering precompiled user dll's ...
Registered in 0.004739 seconds.
Begin MonoManager ReloadAssembly
Native extension for WindowsStandalone target not found
Native extension for WebGL target not found
Refreshing native plugins compatible for Editor in 0.94 ms, found 2 plugins.
Preloading 0 native plugins for Editor in 0.00 ms.
Mono: successfully reloaded assembly
- Completed reload, in  1.680 seconds
Platform modules already initialized, skipping
Refreshing native plugins compatible for Editor in 0.89 ms, found 2 plugins.
Preloading 0 native plugins for Editor in 0.00 ms.
Unloading 4236 Unused Serialized files (Serialized files now loaded: 0)
System memory in use before: 163.1 MB.
System memory in use after: 163.4 MB.

Unloading 14 unused Assets to reduce memory usage. Loaded Objects now: 4842.
Total: 4.437300 ms (FindLiveObjects: 0.456900 ms CreateObjectMapping: 0.396100 ms MarkObjects: 3.348800 ms  DeleteObjects: 0.233600 ms)

========================================================================
Received Prepare
Registering precompiled user dll's ...
Registered in 0.006675 seconds.
Begin MonoManager ReloadAssembly
Native extension for WindowsStandalone target not found
Native extension for WebGL target not found
Refreshing native plugins compatible for Editor in 1.73 ms, found 2 plugins.
Preloading 0 native plugins for Editor in 0.00 ms.
Mono: successfully reloaded assembly
- Completed reload, in  2.043 seconds
Platform modules already initialized, skipping
Refreshing native plugins compatible for Editor in 0.85 ms, found 2 plugins.
Preloading 0 native plugins for Editor in 0.00 ms.
Unloading 4236 Unused Serialized files (Serialized files now loaded: 0)
System memory in use before: 163.1 MB.
System memory in use after: 163.4 MB.

Unloading 14 unused Assets to reduce memory usage. Loaded Objects now: 4846.
Total: 5.092200 ms (FindLiveObjects: 0.670000 ms CreateObjectMapping: 0.610300 ms MarkObjects: 3.553200 ms  DeleteObjects: 0.253600 ms)

========================================================================
Received Import Request.
  Time since last request: 784.759350 seconds.
  path: Assets/Prefabs/Props/Tomatto plant.prefab
  artifactKey: Guid(ee2fd35921cf6794ca1d1975bb9e0df1) Importer(815301076,1909f56bfc062723c751e8b465ee728b)
Start importing Assets/Prefabs/Props/Tomatto plant.prefab using Guid(ee2fd35921cf6794ca1d1975bb9e0df1) Importer(815301076,1909f56bfc062723c751e8b465ee728b)  -> (artifact id: 'f070f1cb3824109952d0bfb78d5f5d7c') in 0.112254 seconds 
========================================================================
Received Import Request.
  Time since last request: 65.460945 seconds.
  path: Assets/Sprites/Tomatto plant.png
  artifactKey: Guid(83b72db4a66284a4cb1d43b4a1578ba2) Importer(815301076,1909f56bfc062723c751e8b465ee728b)
Start importing Assets/Sprites/Tomatto plant.png using Guid(83b72db4a66284a4cb1d43b4a1578ba2) Importer(815301076,1909f56bfc062723c751e8b465ee728b)  -> (artifact id: '5adffbe2d87786aa46df402974c0bbeb') in 0.091931 seconds 
========================================================================
Received Import Request.
  Time since last request: 51.062418 seconds.
  path: Assets/Sprites/Tomatto plant.png
  artifactKey: Guid(83b72db4a66284a4cb1d43b4a1578ba2) Importer(815301076,1909f56bfc062723c751e8b465ee728b)
Start importing Assets/Sprites/Tomatto plant.png using Guid(83b72db4a66284a4cb1d43b4a1578ba2) Importer(815301076,1909f56bfc062723c751e8b465ee728b)  -> (artifact id: 'e4897b19d3678f530c94608522757e9b') in 0.069613 seconds 
========================================================================
Received Import Request.
  Time since last request: 58.777559 seconds.
  path: Assets/Sprites/Tomatto plant.png
  artifactKey: Guid(83b72db4a66284a4cb1d43b4a1578ba2) Importer(815301076,1909f56bfc062723c751e8b465ee728b)
Start importing Assets/Sprites/Tomatto plant.png using Guid(83b72db4a66284a4cb1d43b4a1578ba2) Importer(815301076,1909f56bfc062723c751e8b465ee728b)  -> (artifact id: 'e2ee7c1e7f608afee385a32e4a19300b') in 0.063422 seconds 
========================================================================
Received Import Request.
  Time since last request: 79.784130 seconds.
  path: Assets/Sprites/Tomatto plant.png
  artifactKey: Guid(83b72db4a66284a4cb1d43b4a1578ba2) Importer(815301076,1909f56bfc062723c751e8b465ee728b)
Start importing Assets/Sprites/Tomatto plant.png using Guid(83b72db4a66284a4cb1d43b4a1578ba2) Importer(815301076,1909f56bfc062723c751e8b465ee728b)  -> (artifact id: '57137dbd17e6caf286f2ab60aa9c02db') in 0.074782 seconds 
========================================================================
Received Import Request.
  Time since last request: 27.182614 seconds.
  path: Assets/Sprites/Tomatto plant.png
  artifactKey: Guid(83b72db4a66284a4cb1d43b4a1578ba2) Importer(815301076,1909f56bfc062723c751e8b465ee728b)
Start importing Assets/Sprites/Tomatto plant.png using Guid(83b72db4a66284a4cb1d43b4a1578ba2) Importer(815301076,1909f56bfc062723c751e8b465ee728b)  -> (artifact id: '571f92a4abb7ac29a6371e1f007a135f') in 0.055072 seconds 
========================================================================
Received Import Request.
  Time since last request: 19.990067 seconds.
  path: Assets/Sprites/Tomatto plant.png
  artifactKey: Guid(83b72db4a66284a4cb1d43b4a1578ba2) Importer(815301076,1909f56bfc062723c751e8b465ee728b)
Start importing Assets/Sprites/Tomatto plant.png using Guid(83b72db4a66284a4cb1d43b4a1578ba2) Importer(815301076,1909f56bfc062723c751e8b465ee728b)  -> (artifact id: '43b1645d02d1f294da6f7644d30f4903') in 0.073442 seconds 
========================================================================
Received Import Request.
  Time since last request: 47.070213 seconds.
  path: Assets/Sprites/Tomatto plant.png
  artifactKey: Guid(83b72db4a66284a4cb1d43b4a1578ba2) Importer(815301076,1909f56bfc062723c751e8b465ee728b)
Start importing Assets/Sprites/Tomatto plant.png using Guid(83b72db4a66284a4cb1d43b4a1578ba2) Importer(815301076,1909f56bfc062723c751e8b465ee728b)  -> (artifact id: '93095e42409d22414410d7010911c972') in 0.051484 seconds 
========================================================================
Received Import Request.
  Time since last request: 35.499313 seconds.
  path: Assets/Sprites/Tomatto plant.png
  artifactKey: Guid(83b72db4a66284a4cb1d43b4a1578ba2) Importer(815301076,1909f56bfc062723c751e8b465ee728b)
Start importing Assets/Sprites/Tomatto plant.png using Guid(83b72db4a66284a4cb1d43b4a1578ba2) Importer(815301076,1909f56bfc062723c751e8b465ee728b)  -> (artifact id: 'e6fea1b6a558501b5d14a707c72449f6') in 0.053172 seconds 
========================================================================
Received Import Request.
  Time since last request: 79.559711 seconds.
  path: Assets/Sprites/Tomatto plant.png
  artifactKey: Guid(83b72db4a66284a4cb1d43b4a1578ba2) Importer(815301076,1909f56bfc062723c751e8b465ee728b)
Start importing Assets/Sprites/Tomatto plant.png using Guid(83b72db4a66284a4cb1d43b4a1578ba2) Importer(815301076,1909f56bfc062723c751e8b465ee728b)  -> (artifact id: '40b4cc81d7d9bb6a7945555c132a2d53') in 0.068752 seconds 
========================================================================
Received Import Request.
  Time since last request: 6.403487 seconds.
  path: Assets/Sprites/Tree leaf.png
  artifactKey: Guid(17e9f23ce932296458b69713dc47a2f4) Importer(815301076,1909f56bfc062723c751e8b465ee728b)
Start importing Assets/Sprites/Tree leaf.png using Guid(17e9f23ce932296458b69713dc47a2f4) Importer(815301076,1909f56bfc062723c751e8b465ee728b)  -> (artifact id: 'fd75267abe8770c8f2aaad427240d99d') in 0.069570 seconds 
========================================================================
Received Prepare
Registering precompiled user dll's ...
Registered in 0.006188 seconds.
Begin MonoManager ReloadAssembly
Native extension for WindowsStandalone target not found
Native extension for WebGL target not found
Refreshing native plugins compatible for Editor in 1.18 ms, found 2 plugins.
Preloading 0 native plugins for Editor in 0.00 ms.
Mono: successfully reloaded assembly
- Completed reload, in  1.753 seconds
Platform modules already initialized, skipping
Refreshing native plugins compatible for Editor in 0.85 ms, found 2 plugins.
Preloading 0 native plugins for Editor in 0.00 ms.
Unloading 4237 Unused Serialized files (Serialized files now loaded: 0)
System memory in use before: 167.2 MB.
System memory in use after: 167.5 MB.

Unloading 14 unused Assets to reduce memory usage. Loaded Objects now: 5005.
Total: 4.726300 ms (FindLiveObjects: 0.580300 ms CreateObjectMapping: 0.680900 ms MarkObjects: 3.430700 ms  DeleteObjects: 0.032300 ms)

========================================================================
Received Prepare
Registering precompiled user dll's ...
Registered in 0.006386 seconds.
Begin MonoManager ReloadAssembly
Native extension for WindowsStandalone target not found
Native extension for WebGL target not found
Refreshing native plugins compatible for Editor in 1.49 ms, found 2 plugins.
Preloading 0 native plugins for Editor in 0.00 ms.
Mono: successfully reloaded assembly
- Completed reload, in  1.760 seconds
Platform modules already initialized, skipping
Refreshing native plugins compatible for Editor in 0.91 ms, found 2 plugins.
Preloading 0 native plugins for Editor in 0.00 ms.
Unloading 4236 Unused Serialized files (Serialized files now loaded: 0)
System memory in use before: 167.2 MB.
System memory in use after: 167.5 MB.

Unloading 14 unused Assets to reduce memory usage. Loaded Objects now: 5009.
Total: 4.256500 ms (FindLiveObjects: 0.526900 ms CreateObjectMapping: 0.318500 ms MarkObjects: 3.372000 ms  DeleteObjects: 0.037000 ms)

========================================================================
Received Import Request.
  Time since last request: 821.719914 seconds.
  path: Assets/Sprites/Dirts.png
  artifactKey: Guid(d7392c2001c14a34ebbde71318ec45cf) Importer(815301076,1909f56bfc062723c751e8b465ee728b)
Start importing Assets/Sprites/Dirts.png using Guid(d7392c2001c14a34ebbde71318ec45cf) Importer(815301076,1909f56bfc062723c751e8b465ee728b)  -> (artifact id: '19bab49a1d3d575a660753d533ef48d1') in 0.384749 seconds 
========================================================================
Received Import Request.
  Time since last request: 24.401383 seconds.
  path: Assets/Sprites/Materials
  artifactKey: Guid(a06f34507d1dedd47935e259c92fe397) Importer(815301076,1909f56bfc062723c751e8b465ee728b)
Start importing Assets/Sprites/Materials using Guid(a06f34507d1dedd47935e259c92fe397) Importer(815301076,1909f56bfc062723c751e8b465ee728b)  -> (artifact id: 'eec6826566fb025040410c0faff71c3d') in 0.016630 seconds 
========================================================================
Received Import Request.
  Time since last request: 0.054338 seconds.
  path: Assets/Sprites/Materials/Grass 1.mat
  artifactKey: Guid(48ece826beafc594f9e30866500a3333) Importer(815301076,1909f56bfc062723c751e8b465ee728b)
Start importing Assets/Sprites/Materials/Grass 1.mat using Guid(48ece826beafc594f9e30866500a3333) Importer(815301076,1909f56bfc062723c751e8b465ee728b)  -> (artifact id: 'c1a1baca16015077a71960b72224b9af') in 0.095496 seconds 
========================================================================
Received Import Request.
  Time since last request: 0.000338 seconds.
  path: Assets/Sprites/Materials/Player 1.mat
  artifactKey: Guid(87cb13b0f77d4ad42ba875d6130dbcee) Importer(815301076,1909f56bfc062723c751e8b465ee728b)
Start importing Assets/Sprites/Materials/Player 1.mat using Guid(87cb13b0f77d4ad42ba875d6130dbcee) Importer(815301076,1909f56bfc062723c751e8b465ee728b)  -> (artifact id: '3e36c622dd9108c18d6d76ae1a484fe2') in 0.072257 seconds 
========================================================================
Received Import Request.
  Time since last request: 0.000378 seconds.
  path: Assets/Sprites/Materials/Player 2.mat
  artifactKey: Guid(50f8f52e2c8b5c44c9774eccd7897f4e) Importer(815301076,1909f56bfc062723c751e8b465ee728b)
Start importing Assets/Sprites/Materials/Player 2.mat using Guid(50f8f52e2c8b5c44c9774eccd7897f4e) Importer(815301076,1909f56bfc062723c751e8b465ee728b)  -> (artifact id: 'e8f9040189dcf5276476d9fcc2ec9837') in 0.056477 seconds 
